#
# A fatal error has been detected by the Java Runtime Environment:
#
#  SIGSEGV (0xb) at pc=0x00007f9b18e25022, pid=10433, tid=140304165365504
#
# JRE version: 6.0_27-b27
# Java VM: OpenJDK 64-Bit Server VM (20.0-b12 mixed mode linux-amd64 compressed oops)
# Derivative: IcedTea6 1.12.3
# Distribution: Ubuntu 12.04 LTS, package 6b27-1.12.3-0ubuntu1~12.04
# Problematic frame:
# C  [libopencv_imgproc.so.2.2+0x55022]  icvApproximateChainTC89(CvChain*, int, CvMemStorage*, int)+0x982
#
# If you would like to submit a bug report, please include
# instructions how to reproduce the bug and visit:
#   https://bugs.launchpad.net/ubuntu/+source/openjdk-6/
# The crash happened outside the Java Virtual Machine in native code.
# See problematic frame for where to report the bug.
#

---------------  T H R E A D  ---------------

Current thread (0x00007f9b24165000):  JavaThread "Test Client" [_thread_in_native, id=10451, stack(0x00007f9b1bdfe000,0x00007f9b1beff000)]

siginfo:si_signo=SIGSEGV: si_errno=0, si_code=1 (SEGV_MAPERR), si_addr=0x0000000000000000

Registers:
RAX=0x0000000000000000, RBX=0x00007f9b1befbb80, RCX=0x00000000000024a8, RDX=0x0000000300000004
RSP=0x00007f9b1befbb10, RBP=0x00007f9b1befbb50, RSI=0x00000000000020a8, RDI=0x00007f9ae81c1260
R8 =0x00007f9ae81cf138, R9 =0xaaaaaaaaaaaaaaab, R10=0x0000000000000005, R11=0x00007f9b1befbbb0
R12=0x0000000000000000, R13=0x0000000000000001, R14=0x00000000ffffffff, R15=0x0000000000000005
RIP=0x00007f9b18e25022, EFLAGS=0x0000000000010202, CSGSFS=0x376d000000000033, ERR=0x0000000000000006
  TRAPNO=0x000000000000000e

Top of Stack: (sp=0x00007f9b1befbb10)
0x00007f9b1befbb10:   15e6133212262806 000000013f8ccccd
0x00007f9b1befbb20:   0000000000000000 0000000400000004
0x00007f9b1befbb30:   00007f9b1befcd30 00007f9b1befbb50
0x00007f9b1befbb40:   00007f9b1befbb50 00000000000000b2
0x00007f9b1befbb50:   0000000100000004 0000000000000001
0x00007f9b1befbb60:   00007f9b1befbb80 0000000200000004
0x00007f9b1befbb70:   00000000557ea39d 9258151269bba5ad
0x00007f9b1befbb80:   0000000300000004 3fe74f4600000001
0x00007f9b1befbb90:   00007f9b1befbbb0 0000000200000005
0x00007f9b1befbba0:   0000000000000001 00007f9b1befbbb0
0x00007f9b1befbbb0:   0000000100000005 3f8ccccd00000001
0x00007f9b1befbbc0:   0000000000000000 00000153ba825038
0x00007f9b1befbbd0:   00000000ba824cc8 00000000ba81e7b0
0x00007f9b1befbbe0:   0000015300000019 0000000000000001
0x00007f9b1befbbf0:   00007f9b1befbc40 000001530000001a
0x00007f9b1befbc00:   0000000000000001 00007f9b1befbc10
0x00007f9b1befbc10:   000001530000001b 00000000ba84b300
0x00007f9b1befbc20:   00007f9b1befbc28 0000015400000000
0x00007f9b1befbc30:   3ec9294dba824998 00007f9b1befbca0
0x00007f9b1befbc40:   000001550000001c 0000000000000000
0x00007f9b1befbc50:   00007f9b1befbc58 000001560000001c
0x00007f9b1befbc60:   0000000000000001 00007f9b1befbd00
0x00007f9b1befbc70:   000001570000001c 00000000ba791478
0x00007f9b1befbc80:   00007f9b1befbc88 00007f9b1b0d371f
0x00007f9b1befbc90:   0000000000000000 00007f9bba84b300
0x00007f9b1befbca0:   000001580000001d 0000000000000280
0x00007f9b1befbcb0:   00007f9b1befbd48 0000000000000000
0x00007f9b1befbcc0:   00007f9b1befd500 00007f9b1befd4e0
0x00007f9b1befbcd0:   00007f9b1befd520 00007f9b1befd288
0x00007f9b1befbce0:   0000000000010000 00007f9b1b0a2c46
0x00007f9b1befbcf0:   00007f9b1befbd00 00007f9b1befd500
0x00007f9b1befbd00:   ffffffff0004b000 00007f9b1befd520 

Instructions: (pc=0x00007f9b18e25022)
0x00007f9b18e25002:   84 24 18 12 00 00 77 15 48 8d bc 24 f0 11 00 00
0x00007f9b18e25012:   e8 c9 2b fd ff 48 8b 84 24 08 12 00 00 48 8b 13
0x00007f9b18e25022:   48 89 10 48 8b 84 24 08 12 00 00 48 8b 5b 10 48
0x00007f9b18e25032:   83 c0 08 48 85 db 48 89 84 24 08 12 00 00 75 be 

Register to memory mapping:

RAX=0x0000000000000000 is an unknown value
RBX=0x00007f9b1befbb80 is pointing into the stack for thread: 0x00007f9b24165000
RCX=0x00000000000024a8 is an unknown value
RDX=0x0000000300000004 is an unknown value
RSP=0x00007f9b1befbb10 is pointing into the stack for thread: 0x00007f9b24165000
RBP=0x00007f9b1befbb50 is pointing into the stack for thread: 0x00007f9b24165000
RSI=0x00000000000020a8 is an unknown value
RDI=0x00007f9ae81c1260 is an unknown value
R8 =0x00007f9ae81cf138 is an unknown value
R9 =0xaaaaaaaaaaaaaaab is an unknown value
R10=0x0000000000000005 is an unknown value
R11=0x00007f9b1befbbb0 is pointing into the stack for thread: 0x00007f9b24165000
R12=0x0000000000000000 is an unknown value
R13=0x0000000000000001 is an unknown value
R14=0x00000000ffffffff is an unknown value
R15=0x0000000000000005 is an unknown value


Stack: [0x00007f9b1bdfe000,0x00007f9b1beff000],  sp=0x00007f9b1befbb10,  free space=1014k
Native frames: (J=compiled Java code, j=interpreted, Vv=VM code, C=native code)
C  [libopencv_imgproc.so.2.2+0x55022]  icvApproximateChainTC89(CvChain*, int, CvMemStorage*, int)+0x982

Java frames: (J=compiled Java code, j=interpreted, Vv=VM code)
j  com.googlecode.javacv.cpp.opencv_imgproc.cvFindContours(Lcom/googlecode/javacv/cpp/opencv_core$CvArr;Lcom/googlecode/javacv/cpp/opencv_core$CvMemStorage;Lcom/googlecode/javacv/cpp/opencv_core$CvSeq;IIILcom/googlecode/javacv/cpp/opencv_core$CvPoint;)I+0
J  edu.wpi.first.wpijavacv.DaisyExtensions.findConvexContours(Ledu/wpi/first/wpijavacv/WPIBinaryImage;)[Ledu/wpi/first/wpijavacv/WPIContour;
J  org.frc971.Recognizer2013.processImage(Ledu/wpi/first/wpijavacv/WPIColorImage;)Ledu/wpi/first/wpijavacv/WPIImage;
j  org.frc971.VisionTuner.processImage(Ledu/wpi/first/wpijavacv/WPIColorImage;)V+24
j  org.frc971.VisionTuner.main([Ljava/lang/String;)V+98
j  org.frc971.TestClient.run()V+6
v  ~StubRoutines::call_stub

---------------  P R O C E S S  ---------------

Java Threads: ( => current thread )
  0x00007f9ad93a8800 JavaThread "AWT-EventQueue-0" [_thread_in_Java, id=10459, stack(0x00007f9ac2339000,0x00007f9ac243a000)]
  0x00007f9ad80c2000 JavaThread "TimerQueue" daemon [_thread_blocked, id=10457, stack(0x00007f9b1007b000,0x00007f9b1017c000)]
  0x00007f9ae8159000 JavaThread "Accepter Thread" [_thread_in_native, id=10456, stack(0x00007f9b13bf5000,0x00007f9b13cf6000)]
  0x00007f9ae814e800 JavaThread "AWT-Shutdown" [_thread_blocked, id=10454, stack(0x00007f9b18039000,0x00007f9b1813a000)]
  0x00007f9ae8124800 JavaThread "AWT-XAWT" daemon [_thread_in_native, id=10453, stack(0x00007f9b18420000,0x00007f9b18521000)]
  0x00007f9ae80a5000 JavaThread "Java2D Disposer" daemon [_thread_blocked, id=10452, stack(0x00007f9b187f7000,0x00007f9b188f8000)]
=>0x00007f9b24165000 JavaThread "Test Client" [_thread_in_native, id=10451, stack(0x00007f9b1bdfe000,0x00007f9b1beff000)]
  0x00007f9b2409e000 JavaThread "Low Memory Detector" daemon [_thread_blocked, id=10449, stack(0x00007f9b20014000,0x00007f9b20115000)]
  0x00007f9b2409c000 JavaThread "C2 CompilerThread1" daemon [_thread_blocked, id=10448, stack(0x00007f9b20115000,0x00007f9b20216000)]
  0x00007f9b24099000 JavaThread "C2 CompilerThread0" daemon [_thread_blocked, id=10447, stack(0x00007f9b20216000,0x00007f9b20317000)]
  0x00007f9b2408b000 JavaThread "Signal Dispatcher" daemon [_thread_blocked, id=10446, stack(0x00007f9b20317000,0x00007f9b20418000)]
  0x00007f9b24078800 JavaThread "Finalizer" daemon [_thread_blocked, id=10445, stack(0x00007f9b20afb000,0x00007f9b20bfc000)]
  0x00007f9b24076800 JavaThread "Reference Handler" daemon [_thread_blocked, id=10444, stack(0x00007f9b20bfc000,0x00007f9b20cfd000)]
  0x00007f9b24008000 JavaThread "main" [_thread_in_native, id=10438, stack(0x00007f9b2bea7000,0x00007f9b2bfa8000)]

Other Threads:
  0x00007f9b24071800 VMThread [stack: 0x00007f9b20cfd000,0x00007f9b20dfe000] [id=10443]
  0x00007f9b240a0800 WatcherThread [stack: 0x00007f9b1beff000,0x00007f9b1c000000] [id=10450]

VM state:not at safepoint (normal execution)

VM Mutex/Monitor currently owned by a thread: None

Heap
 PSYoungGen      total 218880K, used 100627K [0x00000000ebf60000, 0x0000000100000000, 0x0000000100000000)
  eden space 109440K, 5% used [0x00000000ebf60000,0x00000000ec50a720,0x00000000f2a40000)
  from space 109440K, 86% used [0x00000000f2a40000,0x00000000f86da558,0x00000000f9520000)
  to   space 109440K, 0% used [0x00000000f9520000,0x00000000f9520000,0x0000000100000000)
 PSOldGen        total 178304K, used 146243K [0x00000000c3e00000, 0x00000000cec20000, 0x00000000ebf60000)
  object space 178304K, 82% used [0x00000000c3e00000,0x00000000cccd0ee0,0x00000000cec20000)
 PSPermGen       total 33408K, used 16685K [0x00000000b9800000, 0x00000000bb8a0000, 0x00000000c3e00000)
  object space 33408K, 49% used [0x00000000b9800000,0x00000000ba84b640,0x00000000bb8a0000)

Code Cache  [0x00007f9b21000000, 0x00007f9b21270000, 0x00007f9b24000000)
 total_blobs=765 nmethods=267 adapters=452 free_code_cache=49103936 largest_free_block=20160

Dynamic libraries:
00400000-00409000 r-xp 00000000 08:06 4850161                            /usr/lib/jvm/java-6-openjdk-amd64/jre/bin/java
00608000-00609000 r--p 00008000 08:06 4850161                            /usr/lib/jvm/java-6-openjdk-amd64/jre/bin/java
00609000-0060a000 rw-p 00009000 08:06 4850161                            /usr/lib/jvm/java-6-openjdk-amd64/jre/bin/java
00b7c000-00b9d000 rw-p 00000000 00:00 0                                  [heap]
b9800000-bb8a0000 rw-p 00000000 00:00 0 
bb8a0000-bbaf0000 ---p 00000000 00:00 0 
bbaf0000-c3e00000 rw-p 00000000 00:00 0 
c3e00000-cec20000 rw-p 00000000 00:00 0 
cec20000-ebf60000 rw-p 00000000 00:00 0 
ebf60000-100000000 rw-p 00000000 00:00 0 
7f9ab4000000-7f9ab531f000 rw-p 00000000 00:00 0 
7f9ab531f000-7f9ab8000000 ---p 00000000 00:00 0 
7f9ab8000000-7f9ab8a40000 rw-p 00000000 00:00 0 
7f9ab8a40000-7f9abc000000 ---p 00000000 00:00 0 
7f9abc000000-7f9abc021000 rw-p 00000000 00:00 0 
7f9abc021000-7f9ac0000000 ---p 00000000 00:00 0 
7f9ac2339000-7f9ac233c000 ---p 00000000 00:00 0 
7f9ac233c000-7f9ac243a000 rw-p 00000000 00:00 0 
7f9ac243a000-7f9ac2566000 rw-s 00000000 00:04 5996555                    /SYSV00000000 (deleted)
7f9ac2566000-7f9ac2648000 rw-p 00000000 00:00 0 
7f9ac2648000-7f9ac2652000 r-xp 00000000 08:06 4860894                    /usr/lib/jvm/java-6-openjdk-amd64/jre/lib/amd64/libjpeg.so
7f9ac2652000-7f9ac2851000 ---p 0000a000 08:06 4860894                    /usr/lib/jvm/java-6-openjdk-amd64/jre/lib/amd64/libjpeg.so
7f9ac2851000-7f9ac2852000 r--p 00009000 08:06 4860894                    /usr/lib/jvm/java-6-openjdk-amd64/jre/lib/amd64/libjpeg.so
7f9ac2852000-7f9ac2853000 rw-p 0000a000 08:06 4860894                    /usr/lib/jvm/java-6-openjdk-amd64/jre/lib/amd64/libjpeg.so
7f9ac2853000-7f9ac2885000 r-xp 00000000 08:06 4860902                    /usr/lib/jvm/java-6-openjdk-amd64/jre/lib/amd64/liblcms.so
7f9ac2885000-7f9ac2a84000 ---p 00032000 08:06 4860902                    /usr/lib/jvm/java-6-openjdk-amd64/jre/lib/amd64/liblcms.so
7f9ac2a84000-7f9ac2a85000 r--p 00031000 08:06 4860902                    /usr/lib/jvm/java-6-openjdk-amd64/jre/lib/amd64/liblcms.so
7f9ac2a85000-7f9ac2a86000 rw-p 00032000 08:06 4860902                    /usr/lib/jvm/java-6-openjdk-amd64/jre/lib/amd64/liblcms.so
7f9ac2a86000-7f9ac2b6a000 rw-p 00000000 00:00 0 
7f9ac2b6a000-7f9ac2c00000 rw-s 001c2000 00:05 8418                       /dev/video0
7f9ac2c00000-7f9ac2c96000 rw-s 0012c000 00:05 8418                       /dev/video0
7f9ac2c96000-7f9ac2d2c000 rw-s 00096000 00:05 8418                       /dev/video0
7f9ac2d2c000-7f9ac2dc2000 rw-s 00000000 00:05 8418                       /dev/video0
7f9ac2dc2000-7f9ac7dc3000 rw-p 00000000 00:00 0 
7f9ac7dc3000-7f9ac7dc6000 r-xp 00000000 08:06 4853292                    /lib/x86_64-linux-gnu/libgpg-error.so.0.8.0
7f9ac7dc6000-7f9ac7fc5000 ---p 00003000 08:06 4853292                    /lib/x86_64-linux-gnu/libgpg-error.so.0.8.0
7f9ac7fc5000-7f9ac7fc6000 r--p 00002000 08:06 4853292                    /lib/x86_64-linux-gnu/libgpg-error.so.0.8.0
7f9ac7fc6000-7f9ac7fc7000 rw-p 00003000 08:06 4853292                    /lib/x86_64-linux-gnu/libgpg-error.so.0.8.0
7f9ac7fc7000-7f9ac7fd8000 r-xp 00000000 08:06 4726234                    /usr/lib/x86_64-linux-gnu/libp11-kit.so.0.0.0
7f9ac7fd8000-7f9ac81d7000 ---p 00011000 08:06 4726234                    /usr/lib/x86_64-linux-gnu/libp11-kit.so.0.0.0
7f9ac81d7000-7f9ac81d8000 r--p 00010000 08:06 4726234                    /usr/lib/x86_64-linux-gnu/libp11-kit.so.0.0.0
7f9ac81d8000-7f9ac81d9000 rw-p 00011000 08:06 4726234                    /usr/lib/x86_64-linux-gnu/libp11-kit.so.0.0.0
7f9ac81d9000-7f9ac81e9000 r-xp 00000000 08:06 4721043                    /usr/lib/x86_64-linux-gnu/libtasn1.so.3.1.12
7f9ac81e9000-7f9ac83e8000 ---p 00010000 08:06 4721043                    /usr/lib/x86_64-linux-gnu/libtasn1.so.3.1.12
7f9ac83e8000-7f9ac83e9000 r--p 0000f000 08:06 4721043                    /usr/lib/x86_64-linux-gnu/libtasn1.so.3.1.12
7f9ac83e9000-7f9ac83ea000 rw-p 00010000 08:06 4721043                    /usr/lib/x86_64-linux-gnu/libtasn1.so.3.1.12
7f9ac83ea000-7f9ac840b000 r-xp 00000000 08:06 4730861                    /usr/lib/x86_64-linux-gnu/libv4lconvert.so.0
7f9ac840b000-7f9ac860a000 ---p 00021000 08:06 4730861                    /usr/lib/x86_64-linux-gnu/libv4lconvert.so.0
7f9ac860a000-7f9ac860c000 r--p 00020000 08:06 4730861                    /usr/lib/x86_64-linux-gnu/libv4lconvert.so.0
7f9ac860c000-7f9ac860d000 rw-p 00022000 08:06 4730861                    /usr/lib/x86_64-linux-gnu/libv4lconvert.so.0
7f9ac860d000-7f9ac865f000 rw-p 00000000 00:00 0 
7f9ac865f000-7f9ac86d9000 r-xp 00000000 08:06 4856594                    /lib/x86_64-linux-gnu/libgcrypt.so.11.7.0
7f9ac86d9000-7f9ac88d9000 ---p 0007a000 08:06 4856594                    /lib/x86_64-linux-gnu/libgcrypt.so.11.7.0
7f9ac88d9000-7f9ac88da000 r--p 0007a000 08:06 4856594                    /lib/x86_64-linux-gnu/libgcrypt.so.11.7.0
7f9ac88da000-7f9ac88dd000 rw-p 0007b000 08:06 4856594                    /lib/x86_64-linux-gnu/libgcrypt.so.11.7.0
7f9ac88dd000-7f9ac8991000 r-xp 00000000 08:06 4721045                    /usr/lib/x86_64-linux-gnu/libgnutls.so.26.21.8
7f9ac8991000-7f9ac8b91000 ---p 000b4000 08:06 4721045                    /usr/lib/x86_64-linux-gnu/libgnutls.so.26.21.8
7f9ac8b91000-7f9ac8b97000 r--p 000b4000 08:06 4721045                    /usr/lib/x86_64-linux-gnu/libgnutls.so.26.21.8
7f9ac8b97000-7f9ac8b98000 rw-p 000ba000 08:06 4721045                    /usr/lib/x86_64-linux-gnu/libgnutls.so.26.21.8
7f9ac8b98000-7f9ac8b99000 rw-p 00000000 00:00 0 
7f9ac8b99000-7f9ac8c0e000 r-xp 00000000 08:06 4726230                    /usr/lib/x86_64-linux-gnu/liborc-0.4.so.0.16.0
7f9ac8c0e000-7f9ac8e0d000 ---p 00075000 08:06 4726230                    /usr/lib/x86_64-linux-gnu/liborc-0.4.so.0.16.0
7f9ac8e0d000-7f9ac8e0f000 r--p 00074000 08:06 4726230                    /usr/lib/x86_64-linux-gnu/liborc-0.4.so.0.16.0
7f9ac8e0f000-7f9ac8e14000 rw-p 00076000 08:06 4726230                    /usr/lib/x86_64-linux-gnu/liborc-0.4.so.0.16.0
7f9ac8e14000-7f9ac8e1a000 r-xp 00000000 08:06 4726228                    /usr/lib/x86_64-linux-gnu/libogg.so.0.7.1
7f9ac8e1a000-7f9ac9019000 ---p 00006000 08:06 4726228                    /usr/lib/x86_64-linux-gnu/libogg.so.0.7.1
7f9ac9019000-7f9ac901a000 r--p 00005000 08:06 4726228                    /usr/lib/x86_64-linux-gnu/libogg.so.0.7.1
7f9ac901a000-7f9ac901b000 rw-p 00006000 08:06 4726228                    /usr/lib/x86_64-linux-gnu/libogg.so.0.7.1
7f9ac901b000-7f9ac9042000 r-xp 00000000 08:06 4856601                    /lib/x86_64-linux-gnu/libexpat.so.1.5.2
7f9ac9042000-7f9ac9242000 ---p 00027000 08:06 4856601                    /lib/x86_64-linux-gnu/libexpat.so.1.5.2
7f9ac9242000-7f9ac9244000 r--p 00027000 08:06 4856601                    /lib/x86_64-linux-gnu/libexpat.so.1.5.2
7f9ac9244000-7f9ac9245000 rw-p 00029000 08:06 4856601                    /lib/x86_64-linux-gnu/libexpat.so.1.5.2
7f9ac9245000-7f9ac925d000 r-xp 00000000 08:06 4856514                    /lib/x86_64-linux-gnu/libresolv-2.15.so
7f9ac925d000-7f9ac945d000 ---p 00018000 08:06 4856514                    /lib/x86_64-linux-gnu/libresolv-2.15.so
7f9ac945d000-7f9ac945e000 r--p 00018000 08:06 4856514                    /lib/x86_64-linux-gnu/libresolv-2.15.so
7f9ac945e000-7f9ac945f000 rw-p 00019000 08:06 4856514                    /lib/x86_64-linux-gnu/libresolv-2.15.so
7f9ac945f000-7f9ac9461000 rw-p 00000000 00:00 0 
7f9ac9461000-7f9ac947e000 r-xp 00000000 08:06 4853353                    /lib/x86_64-linux-gnu/libselinux.so.1
7f9ac947e000-7f9ac967d000 ---p 0001d000 08:06 4853353                    /lib/x86_64-linux-gnu/libselinux.so.1
7f9ac967d000-7f9ac967e000 r--p 0001c000 08:06 4853353                    /lib/x86_64-linux-gnu/libselinux.so.1
7f9ac967e000-7f9ac967f000 rw-p 0001d000 08:06 4853353                    /lib/x86_64-linux-gnu/libselinux.so.1
7f9ac967f000-7f9ac9680000 rw-p 00000000 00:00 0 
7f9ac9680000-7f9ac9683000 r-xp 00000000 08:06 4718958                    /usr/lib/x86_64-linux-gnu/libgmodule-2.0.so.0.3200.3
7f9ac9683000-7f9ac9882000 ---p 00003000 08:06 4718958                    /usr/lib/x86_64-linux-gnu/libgmodule-2.0.so.0.3200.3
7f9ac9882000-7f9ac9883000 r--p 00002000 08:06 4718958                    /usr/lib/x86_64-linux-gnu/libgmodule-2.0.so.0.3200.3
7f9ac9883000-7f9ac9884000 rw-p 00003000 08:06 4718958                    /usr/lib/x86_64-linux-gnu/libgmodule-2.0.so.0.3200.3
7f9ac9884000-7f9ac988c000 r-xp 00000000 08:06 4719656                    /usr/lib/x86_64-linux-gnu/libxcb-render.so.0.0.0
7f9ac988c000-7f9ac9a8c000 ---p 00008000 08:06 4719656                    /usr/lib/x86_64-linux-gnu/libxcb-render.so.0.0.0
7f9ac9a8c000-7f9ac9a8d000 r--p 00008000 08:06 4719656                    /usr/lib/x86_64-linux-gnu/libxcb-render.so.0.0.0
7f9ac9a8d000-7f9ac9a8e000 rw-p 00009000 08:06 4719656                    /usr/lib/x86_64-linux-gnu/libxcb-render.so.0.0.0
7f9ac9a8e000-7f9ac9a90000 r-xp 00000000 08:06 4719666                    /usr/lib/x86_64-linux-gnu/libxcb-shm.so.0.0.0
7f9ac9a90000-7f9ac9c8f000 ---p 00002000 08:06 4719666                    /usr/lib/x86_64-linux-gnu/libxcb-shm.so.0.0.0
7f9ac9c8f000-7f9ac9c90000 r--p 00001000 08:06 4719666                    /usr/lib/x86_64-linux-gnu/libxcb-shm.so.0.0.0
7f9ac9c90000-7f9ac9c91000 rw-p 00002000 08:06 4719666                    /usr/lib/x86_64-linux-gnu/libxcb-shm.so.0.0.0
7f9ac9c91000-7f9ac9d12000 r-xp 00000000 08:06 4726260                    /usr/lib/x86_64-linux-gnu/libpixman-1.so.0.24.4
7f9ac9d12000-7f9ac9f11000 ---p 00081000 08:06 4726260                    /usr/lib/x86_64-linux-gnu/libpixman-1.so.0.24.4
7f9ac9f11000-7f9ac9f17000 r--p 00080000 08:06 4726260                    /usr/lib/x86_64-linux-gnu/libpixman-1.so.0.24.4
7f9ac9f17000-7f9ac9f18000 rw-p 00086000 08:06 4726260                    /usr/lib/x86_64-linux-gnu/libpixman-1.so.0.24.4
7f9ac9f18000-7f9ac9f20000 r-xp 00000000 08:06 4730860                    /usr/lib/x86_64-linux-gnu/libv4l2.so.0
7f9ac9f20000-7f9aca11f000 ---p 00008000 08:06 4730860                    /usr/lib/x86_64-linux-gnu/libv4l2.so.0
7f9aca11f000-7f9aca120000 r--p 00007000 08:06 4730860                    /usr/lib/x86_64-linux-gnu/libv4l2.so.0
7f9aca120000-7f9aca124000 rw-p 00008000 08:06 4730860                    /usr/lib/x86_64-linux-gnu/libv4l2.so.0
7f9aca124000-7f9aca132000 r-xp 00000000 08:06 4853368                    /lib/x86_64-linux-gnu/libusb-1.0.so.0.1.0
7f9aca132000-7f9aca331000 ---p 0000e000 08:06 4853368                    /lib/x86_64-linux-gnu/libusb-1.0.so.0.1.0
7f9aca331000-7f9aca332000 r--p 0000d000 08:06 4853368                    /lib/x86_64-linux-gnu/libusb-1.0.so.0.1.0
7f9aca332000-7f9aca333000 rw-p 0000e000 08:06 4853368                    /lib/x86_64-linux-gnu/libusb-1.0.so.0.1.0
7f9aca333000-7f9aca342000 r-xp 00000000 08:06 4853264                    /lib/x86_64-linux-gnu/libbz2.so.1.0.4
7f9aca342000-7f9aca541000 ---p 0000f000 08:06 4853264                    /lib/x86_64-linux-gnu/libbz2.so.1.0.4
7f9aca541000-7f9aca542000 r--p 0000e000 08:06 4853264                    /lib/x86_64-linux-gnu/libbz2.so.1.0.4
7f9aca542000-7f9aca543000 rw-p 0000f000 08:06 4853264                    /lib/x86_64-linux-gnu/libbz2.so.1.0.4
7f9aca543000-7f9aca55b000 r-xp 00000000 08:06 4726305                    /usr/lib/x86_64-linux-gnu/librtmp.so.0
7f9aca55b000-7f9aca75b000 ---p 00018000 08:06 4726305                    /usr/lib/x86_64-linux-gnu/librtmp.so.0
7f9aca75b000-7f9aca75c000 r--p 00018000 08:06 4726305                    /usr/lib/x86_64-linux-gnu/librtmp.so.0
7f9aca75c000-7f9aca75d000 rw-p 00019000 08:06 4726305                    /usr/lib/x86_64-linux-gnu/librtmp.so.0
7f9aca75d000-7f9aca76d000 r-xp 00000000 08:06 4722395                    /usr/lib/x86_64-linux-gnu/libva.so.1.3200.0
7f9aca76d000-7f9aca96c000 ---p 00010000 08:06 4722395                    /usr/lib/x86_64-linux-gnu/libva.so.1.3200.0
7f9aca96c000-7f9aca96d000 r--p 0000f000 08:06 4722395                    /usr/lib/x86_64-linux-gnu/libva.so.1.3200.0
7f9aca96d000-7f9aca96e000 rw-p 00010000 08:06 4722395                    /usr/lib/x86_64-linux-gnu/libva.so.1.3200.0
7f9aca96e000-7f9aca973000 rw-p 00000000 00:00 0 
7f9aca973000-7f9aca9f5000 r-xp 00000000 08:06 4721380                    /usr/lib/libdirac_encoder.so.0.1.0
7f9aca9f5000-7f9acabf4000 ---p 00082000 08:06 4721380                    /usr/lib/libdirac_encoder.so.0.1.0
7f9acabf4000-7f9acabf7000 r--p 00081000 08:06 4721380                    /usr/lib/libdirac_encoder.so.0.1.0
7f9acabf7000-7f9acabf8000 rw-p 00084000 08:06 4721380                    /usr/lib/libdirac_encoder.so.0.1.0
7f9acabf8000-7f9acabf9000 rw-p 00000000 00:00 0 
7f9acabf9000-7f9acac08000 r-xp 00000000 08:06 4721382                    /usr/lib/libfaac.so.0.0.0
7f9acac08000-7f9acae07000 ---p 0000f000 08:06 4721382                    /usr/lib/libfaac.so.0.0.0
7f9acae07000-7f9acae08000 r--p 0000e000 08:06 4721382                    /usr/lib/libfaac.so.0.0.0
7f9acae08000-7f9acae0b000 rw-p 0000f000 08:06 4721382                    /usr/lib/libfaac.so.0.0.0
7f9acae0b000-7f9acae17000 r-xp 00000000 08:06 4721402                    /usr/lib/libgsm.so.1.0.12
7f9acae17000-7f9acb017000 ---p 0000c000 08:06 4721402                    /usr/lib/libgsm.so.1.0.12
7f9acb017000-7f9acb018000 r--p 0000c000 08:06 4721402                    /usr/lib/libgsm.so.1.0.12
7f9acb018000-7f9acb019000 rw-p 0000d000 08:06 4721402                    /usr/lib/libgsm.so.1.0.12
7f9acb019000-7f9acb071000 r-xp 00000000 08:06 4721741                    /usr/lib/x86_64-linux-gnu/libmp3lame.so.0.0.0
7f9acb071000-7f9acb271000 ---p 00058000 08:06 4721741                    /usr/lib/x86_64-linux-gnu/libmp3lame.so.0.0.0
7f9acb271000-7f9acb272000 r--p 00058000 08:06 4721741                    /usr/lib/x86_64-linux-gnu/libmp3lame.so.0.0.0
7f9acb272000-7f9acb273000 rw-p 00059000 08:06 4721741                    /usr/lib/x86_64-linux-gnu/libmp3lame.so.0.0.0
7f9acb273000-7f9acb2a3000 rw-p 00000000 00:00 0 
7f9acb2a3000-7f9acb2dc000 r-xp 00000000 08:06 4721743                    /usr/lib/libopencore-amrnb.so.0.0.2
7f9acb2dc000-7f9acb4db000 ---p 00039000 08:06 4721743                    /usr/lib/libopencore-amrnb.so.0.0.2
7f9acb4db000-7f9acb4dc000 r--p 00038000 08:06 4721743                    /usr/lib/libopencore-amrnb.so.0.0.2
7f9acb4dc000-7f9acb4dd000 rw-p 00039000 08:06 4721743                    /usr/lib/libopencore-amrnb.so.0.0.2
7f9acb4dd000-7f9acb4f8000 r-xp 00000000 08:06 4721745                    /usr/lib/libopencore-amrwb.so.0.0.2
7f9acb4f8000-7f9acb6f7000 ---p 0001b000 08:06 4721745                    /usr/lib/libopencore-amrwb.so.0.0.2
7f9acb6f7000-7f9acb6f8000 r--p 0001a000 08:06 4721745                    /usr/lib/libopencore-amrwb.so.0.0.2
7f9acb6f8000-7f9acb6f9000 rw-p 0001b000 08:06 4721745                    /usr/lib/libopencore-amrwb.so.0.0.2
7f9acb6f9000-7f9acb717000 r-xp 00000000 08:06 4721747                    /usr/lib/libopenjpeg-2.1.3.0.so
7f9acb717000-7f9acb917000 ---p 0001e000 08:06 4721747                    /usr/lib/libopenjpeg-2.1.3.0.so
7f9acb917000-7f9acb918000 r--p 0001e000 08:06 4721747                    /usr/lib/libopenjpeg-2.1.3.0.so
7f9acb918000-7f9acb919000 rw-p 0001f000 08:06 4721747                    /usr/lib/libopenjpeg-2.1.3.0.so
7f9acb919000-7f9acb9c8000 r-xp 00000000 08:06 4722260                    /usr/lib/libschroedinger-1.0.so.0.11.0
7f9acb9c8000-7f9acbbc8000 ---p 000af000 08:06 4722260                    /usr/lib/libschroedinger-1.0.so.0.11.0
7f9acbbc8000-7f9acbbca000 r--p 000af000 08:06 4722260                    /usr/lib/libschroedinger-1.0.so.0.11.0
7f9acbbca000-7f9acbbcb000 rw-p 000b1000 08:06 4722260                    /usr/lib/libschroedinger-1.0.so.0.11.0
7f9acbbcb000-7f9acbbcc000 rw-p 00000000 00:00 0 
7f9acbbcc000-7f9acbbe3000 r-xp 00000000 08:06 4726331                    /usr/lib/x86_64-linux-gnu/libspeex.so.1.5.0
7f9acbbe3000-7f9acbde3000 ---p 00017000 08:06 4726331                    /usr/lib/x86_64-linux-gnu/libspeex.so.1.5.0
7f9acbde3000-7f9acbde4000 r--p 00017000 08:06 4726331                    /usr/lib/x86_64-linux-gnu/libspeex.so.1.5.0
7f9acbde4000-7f9acbde5000 rw-p 00018000 08:06 4726331                    /usr/lib/x86_64-linux-gnu/libspeex.so.1.5.0
7f9acbde5000-7f9acbdfe000 r-xp 00000000 08:06 4726361                    /usr/lib/x86_64-linux-gnu/libtheoradec.so.1.1.4
7f9acbdfe000-7f9acbffe000 ---p 00019000 08:06 4726361                    /usr/lib/x86_64-linux-gnu/libtheoradec.so.1.1.4
7f9acbffe000-7f9acbfff000 r--p 00019000 08:06 4726361                    /usr/lib/x86_64-linux-gnu/libtheoradec.so.1.1.4
7f9acbfff000-7f9acc000000 rw-p 0001a000 08:06 4726361                    /usr/lib/x86_64-linux-gnu/libtheoradec.so.1.1.4
7f9acc000000-7f9acc021000 rw-p 00000000 00:00 0 
7f9acc021000-7f9ad0000000 ---p 00000000 00:00 0 
7f9ad0055000-7f9ad0137000 rw-p 00000000 00:00 0 
7f9ad0137000-7f9ad0172000 r-xp 00000000 08:06 4726363                    /usr/lib/x86_64-linux-gnu/libtheoraenc.so.1.1.2
7f9ad0172000-7f9ad0372000 ---p 0003b000 08:06 4726363                    /usr/lib/x86_64-linux-gnu/libtheoraenc.so.1.1.2
7f9ad0372000-7f9ad0373000 r--p 0003b000 08:06 4726363                    /usr/lib/x86_64-linux-gnu/libtheoraenc.so.1.1.2
7f9ad0373000-7f9ad0374000 rw-p 0003c000 08:06 4726363                    /usr/lib/x86_64-linux-gnu/libtheoraenc.so.1.1.2
7f9ad0374000-7f9ad0391000 r-xp 00000000 08:06 4722397                    /usr/lib/x86_64-linux-gnu/libvo-aacenc.so.0.0.2
7f9ad0391000-7f9ad0591000 ---p 0001d000 08:06 4722397                    /usr/lib/x86_64-linux-gnu/libvo-aacenc.so.0.0.2
7f9ad0591000-7f9ad0592000 r--p 0001d000 08:06 4722397                    /usr/lib/x86_64-linux-gnu/libvo-aacenc.so.0.0.2
7f9ad0592000-7f9ad0593000 rw-p 0001e000 08:06 4722397                    /usr/lib/x86_64-linux-gnu/libvo-aacenc.so.0.0.2
7f9ad0593000-7f9ad05a8000 r-xp 00000000 08:06 4722399                    /usr/lib/x86_64-linux-gnu/libvo-amrwbenc.so.0.0.2
7f9ad05a8000-7f9ad07a7000 ---p 00015000 08:06 4722399                    /usr/lib/x86_64-linux-gnu/libvo-amrwbenc.so.0.0.2
7f9ad07a7000-7f9ad07a8000 r--p 00014000 08:06 4722399                    /usr/lib/x86_64-linux-gnu/libvo-amrwbenc.so.0.0.2
7f9ad07a8000-7f9ad07ae000 rw-p 00015000 08:06 4722399                    /usr/lib/x86_64-linux-gnu/libvo-amrwbenc.so.0.0.2
7f9ad07ae000-7f9ad07d9000 r-xp 00000000 08:06 4726386                    /usr/lib/x86_64-linux-gnu/libvorbis.so.0.4.5
7f9ad07d9000-7f9ad09d8000 ---p 0002b000 08:06 4726386                    /usr/lib/x86_64-linux-gnu/libvorbis.so.0.4.5
7f9ad09d8000-7f9ad09d9000 r--p 0002a000 08:06 4726386                    /usr/lib/x86_64-linux-gnu/libvorbis.so.0.4.5
7f9ad09d9000-7f9ad09da000 rw-p 0002b000 08:06 4726386                    /usr/lib/x86_64-linux-gnu/libvorbis.so.0.4.5
7f9ad09da000-7f9ad0c8d000 r-xp 00000000 08:06 4726388                    /usr/lib/x86_64-linux-gnu/libvorbisenc.so.2.0.8
7f9ad0c8d000-7f9ad0e8c000 ---p 002b3000 08:06 4726388                    /usr/lib/x86_64-linux-gnu/libvorbisenc.so.2.0.8
7f9ad0e8c000-7f9ad0ea8000 r--p 002b2000 08:06 4726388                    /usr/lib/x86_64-linux-gnu/libvorbisenc.so.2.0.8
7f9ad0ea8000-7f9ad0ea9000 rw-p 002ce000 08:06 4726388                    /usr/lib/x86_64-linux-gnu/libvorbisenc.so.2.0.8
7f9ad0ea9000-7f9ad0f42000 r-xp 00000000 08:06 4722653                    /usr/lib/libvpx.so.1.0.0
7f9ad0f42000-7f9ad1141000 ---p 00099000 08:06 4722653                    /usr/lib/libvpx.so.1.0.0
7f9ad1141000-7f9ad1143000 r--p 00098000 08:06 4722653                    /usr/lib/libvpx.so.1.0.0
7f9ad1143000-7f9ad1144000 rw-p 0009a000 08:06 4722653                    /usr/lib/libvpx.so.1.0.0
7f9ad1144000-7f9ad114e000 rw-p 00000000 00:00 0 
7f9ad114e000-7f9ad1257000 r-xp 00000000 08:06 4722670                    /usr/lib/x86_64-linux-gnu/libx264.so.120
7f9ad1257000-7f9ad1456000 ---p 00109000 08:06 4722670                    /usr/lib/x86_64-linux-gnu/libx264.so.120
7f9ad1456000-7f9ad1458000 r--p 00108000 08:06 4722670                    /usr/lib/x86_64-linux-gnu/libx264.so.120
7f9ad1458000-7f9ad1459000 rw-p 0010a000 08:06 4722670                    /usr/lib/x86_64-linux-gnu/libx264.so.120
7f9ad1459000-7f9ad14d4000 rw-p 00000000 00:00 0 
7f9ad14d4000-7f9ad1597000 r-xp 00000000 08:06 4722676                    /usr/lib/x86_64-linux-gnu/libxvidcore.so.4.3
7f9ad1597000-7f9ad1797000 ---p 000c3000 08:06 4722676                    /usr/lib/x86_64-linux-gnu/libxvidcore.so.4.3
7f9ad1797000-7f9ad1798000 r--p 000c3000 08:06 4722676                    /usr/lib/x86_64-linux-gnu/libxvidcore.so.4.3
7f9ad1798000-7f9ad17a2000 rw-p 000c4000 08:06 4722676                    /usr/lib/x86_64-linux-gnu/libxvidcore.so.4.3
7f9ad17a2000-7f9ad180b000 rw-p 00000000 00:00 0 
7f9ad180b000-7f9ad1847000 r-xp 00000000 08:06 4853338                    /lib/x86_64-linux-gnu/libpcre.so.3.12.1
7f9ad1847000-7f9ad1a46000 ---p 0003c000 08:06 4853338                    /lib/x86_64-linux-gnu/libpcre.so.3.12.1
7f9ad1a46000-7f9ad1a47000 r--p 0003b000 08:06 4853338                    /lib/x86_64-linux-gnu/libpcre.so.3.12.1
7f9ad1a47000-7f9ad1a48000 rw-p 0003c000 08:06 4853338                    /lib/x86_64-linux-gnu/libpcre.so.3.12.1
7f9ad1a48000-7f9ad1a4f000 r-xp 00000000 08:06 4726003                    /usr/lib/x86_64-linux-gnu/libffi.so.6.0.0
7f9ad1a4f000-7f9ad1c4e000 ---p 00007000 08:06 4726003                    /usr/lib/x86_64-linux-gnu/libffi.so.6.0.0
7f9ad1c4e000-7f9ad1c4f000 r--p 00006000 08:06 4726003                    /usr/lib/x86_64-linux-gnu/libffi.so.6.0.0
7f9ad1c4f000-7f9ad1c50000 rw-p 00007000 08:06 4726003                    /usr/lib/x86_64-linux-gnu/libffi.so.6.0.0
7f9ad1c50000-7f9ad1c52000 r-xp 00000000 08:06 4725827                    /usr/lib/x86_64-linux-gnu/libXdamage.so.1.1.0
7f9ad1c52000-7f9ad1e51000 ---p 00002000 08:06 4725827                    /usr/lib/x86_64-linux-gnu/libXdamage.so.1.1.0
7f9ad1e51000-7f9ad1e52000 r--p 00001000 08:06 4725827                    /usr/lib/x86_64-linux-gnu/libXdamage.so.1.1.0
7f9ad1e52000-7f9ad1e53000 rw-p 00002000 08:06 4725827                    /usr/lib/x86_64-linux-gnu/libXdamage.so.1.1.0
7f9ad1e53000-7f9ad1e55000 r-xp 00000000 08:06 4725823                    /usr/lib/x86_64-linux-gnu/libXcomposite.so.1.0.0
7f9ad1e55000-7f9ad2054000 ---p 00002000 08:06 4725823                    /usr/lib/x86_64-linux-gnu/libXcomposite.so.1.0.0
7f9ad2054000-7f9ad2055000 r--p 00001000 08:06 4725823                    /usr/lib/x86_64-linux-gnu/libXcomposite.so.1.0.0
7f9ad2055000-7f9ad2056000 rw-p 00002000 08:06 4725823                    /usr/lib/x86_64-linux-gnu/libXcomposite.so.1.0.0
7f9ad2056000-7f9ad2058000 r-xp 00000000 08:06 4725839                    /usr/lib/x86_64-linux-gnu/libXinerama.so.1.0.0
7f9ad2058000-7f9ad2257000 ---p 00002000 08:06 4725839                    /usr/lib/x86_64-linux-gnu/libXinerama.so.1.0.0
7f9ad2257000-7f9ad2258000 r--p 00001000 08:06 4725839                    /usr/lib/x86_64-linux-gnu/libXinerama.so.1.0.0
7f9ad2258000-7f9ad2259000 rw-p 00002000 08:06 4725839                    /usr/lib/x86_64-linux-gnu/libXinerama.so.1.0.0
7f9ad2259000-7f9ad228d000 r-xp 00000000 08:06 4726192                    /usr/lib/x86_64-linux-gnu/libfontconfig.so.1.4.4
7f9ad228d000-7f9ad248d000 ---p 00034000 08:06 4726192                    /usr/lib/x86_64-linux-gnu/libfontconfig.so.1.4.4
7f9ad248d000-7f9ad248e000 r--p 00034000 08:06 4726192                    /usr/lib/x86_64-linux-gnu/libfontconfig.so.1.4.4
7f9ad248e000-7f9ad248f000 rw-p 00035000 08:06 4726192                    /usr/lib/x86_64-linux-gnu/libfontconfig.so.1.4.4
7f9ad248f000-7f9ad24d5000 r-xp 00000000 08:06 4718873                    /usr/lib/x86_64-linux-gnu/libpango-1.0.so.0.3000.0
7f9ad24d5000-7f9ad26d5000 ---p 00046000 08:06 4718873                    /usr/lib/x86_64-linux-gnu/libpango-1.0.so.0.3000.0
7f9ad26d5000-7f9ad26d7000 r--p 00046000 08:06 4718873                    /usr/lib/x86_64-linux-gnu/libpango-1.0.so.0.3000.0
7f9ad26d7000-7f9ad26d8000 rw-p 00048000 08:06 4718873                    /usr/lib/x86_64-linux-gnu/libpango-1.0.so.0.3000.0
7f9ad26d8000-7f9ad2701000 r-xp 00000000 08:06 4718872                    /usr/lib/x86_64-linux-gnu/libpangoft2-1.0.so.0.3000.0
7f9ad2701000-7f9ad2900000 ---p 00029000 08:06 4718872                    /usr/lib/x86_64-linux-gnu/libpangoft2-1.0.so.0.3000.0
7f9ad2900000-7f9ad2901000 r--p 00028000 08:06 4718872                    /usr/lib/x86_64-linux-gnu/libpangoft2-1.0.so.0.3000.0
7f9ad2901000-7f9ad2902000 rw-p 00029000 08:06 4718872                    /usr/lib/x86_64-linux-gnu/libpangoft2-1.0.so.0.3000.0
7f9ad2902000-7f9ad2a4a000 r-xp 00000000 08:06 4718963                    /usr/lib/x86_64-linux-gnu/libgio-2.0.so.0.3200.3
7f9ad2a4a000-7f9ad2c49000 ---p 00148000 08:06 4718963                    /usr/lib/x86_64-linux-gnu/libgio-2.0.so.0.3200.3
7f9ad2c49000-7f9ad2c4d000 r--p 00147000 08:06 4718963                    /usr/lib/x86_64-linux-gnu/libgio-2.0.so.0.3200.3
7f9ad2c4d000-7f9ad2c4f000 rw-p 0014b000 08:06 4718963                    /usr/lib/x86_64-linux-gnu/libgio-2.0.so.0.3200.3
7f9ad2c4f000-7f9ad2c51000 rw-p 00000000 00:00 0 
7f9ad2c51000-7f9ad2c6f000 r-xp 00000000 08:06 4726030                    /usr/lib/x86_64-linux-gnu/libgdk_pixbuf-2.0.so.0.2600.1
7f9ad2c6f000-7f9ad2e6f000 ---p 0001e000 08:06 4726030                    /usr/lib/x86_64-linux-gnu/libgdk_pixbuf-2.0.so.0.2600.1
7f9ad2e6f000-7f9ad2e70000 r--p 0001e000 08:06 4726030                    /usr/lib/x86_64-linux-gnu/libgdk_pixbuf-2.0.so.0.2600.1
7f9ad2e70000-7f9ad2e71000 rw-p 0001f000 08:06 4726030                    /usr/lib/x86_64-linux-gnu/libgdk_pixbuf-2.0.so.0.2600.1
7f9ad2e71000-7f9ad2f2a000 r-xp 00000000 08:06 4719682                    /usr/lib/x86_64-linux-gnu/libcairo.so.2.11000.2
7f9ad2f2a000-7f9ad3129000 ---p 000b9000 08:06 4719682                    /usr/lib/x86_64-linux-gnu/libcairo.so.2.11000.2
7f9ad3129000-7f9ad312b000 r--p 000b8000 08:06 4719682                    /usr/lib/x86_64-linux-gnu/libcairo.so.2.11000.2
7f9ad312b000-7f9ad312c000 rw-p 000ba000 08:06 4719682                    /usr/lib/x86_64-linux-gnu/libcairo.so.2.11000.2
7f9ad312c000-7f9ad312f000 rw-p 00000000 00:00 0 
7f9ad312f000-7f9ad314e000 r-xp 00000000 08:06 4725877                    /usr/lib/x86_64-linux-gnu/libatk-1.0.so.0.20409.1
7f9ad314e000-7f9ad334e000 ---p 0001f000 08:06 4725877                    /usr/lib/x86_64-linux-gnu/libatk-1.0.so.0.20409.1
7f9ad334e000-7f9ad3350000 r--p 0001f000 08:06 4725877                    /usr/lib/x86_64-linux-gnu/libatk-1.0.so.0.20409.1
7f9ad3350000-7f9ad3351000 rw-p 00021000 08:06 4725877                    /usr/lib/x86_64-linux-gnu/libatk-1.0.so.0.20409.1
7f9ad3351000-7f9ad335c000 r-xp 00000000 08:06 4718874                    /usr/lib/x86_64-linux-gnu/libpangocairo-1.0.so.0.3000.0
7f9ad335c000-7f9ad355b000 ---p 0000b000 08:06 4718874                    /usr/lib/x86_64-linux-gnu/libpangocairo-1.0.so.0.3000.0
7f9ad355b000-7f9ad355c000 r--p 0000a000 08:06 4718874                    /usr/lib/x86_64-linux-gnu/libpangocairo-1.0.so.0.3000.0
7f9ad355c000-7f9ad355d000 rw-p 0000b000 08:06 4718874                    /usr/lib/x86_64-linux-gnu/libpangocairo-1.0.so.0.3000.0
7f9ad355d000-7f9ad3563000 r-xp 00000000 08:06 4727076                    /usr/lib/libIlmThread.so.6.0.0
7f9ad3563000-7f9ad3762000 ---p 00006000 08:06 4727076                    /usr/lib/libIlmThread.so.6.0.0
7f9ad3762000-7f9ad3763000 r--p 00005000 08:06 4727076                    /usr/lib/libIlmThread.so.6.0.0
7f9ad3763000-7f9ad3764000 rw-p 00006000 08:06 4727076                    /usr/lib/libIlmThread.so.6.0.0
7f9ad3764000-7f9ad377e000 r-xp 00000000 08:06 4727073                    /usr/lib/libIex.so.6.0.0
7f9ad377e000-7f9ad397e000 ---p 0001a000 08:06 4727073                    /usr/lib/libIex.so.6.0.0
7f9ad397e000-7f9ad3982000 r--p 0001a000 08:06 4727073                    /usr/lib/libIex.so.6.0.0
7f9ad3982000-7f9ad3983000 rw-p 0001e000 08:06 4727073                    /usr/lib/libIex.so.6.0.0
7f9ad3983000-7f9ad3987000 r-xp 00000000 08:06 4727075                    /usr/lib/libImath.so.6.0.0
7f9ad3987000-7f9ad3b87000 ---p 00004000 08:06 4727075                    /usr/lib/libImath.so.6.0.0
7f9ad3b87000-7f9ad3b88000 r--p 00004000 08:06 4727075                    /usr/lib/libImath.so.6.0.0
7f9ad3b88000-7f9ad3b89000 rw-p 00005000 08:06 4727075                    /usr/lib/libImath.so.6.0.0
7f9ad3b89000-7f9ad3b8e000 r-xp 00000000 08:06 4730859                    /usr/lib/x86_64-linux-gnu/libv4l1.so.0
7f9ad3b8e000-7f9ad3d8d000 ---p 00005000 08:06 4730859                    /usr/lib/x86_64-linux-gnu/libv4l1.so.0
7f9ad3d8d000-7f9ad3d8e000 r--p 00004000 08:06 4730859                    /usr/lib/x86_64-linux-gnu/libv4l1.so.0
7f9ad3d8e000-7f9ad3d8f000 rw-p 00005000 08:06 4730859                    /usr/lib/x86_64-linux-gnu/libv4l1.so.0
7f9ad3d8f000-7f9ad3dbf000 r-xp 00000000 08:06 5255171                    /usr/local/lib/libdc1394.so.22.1.8
7f9ad3dbf000-7f9ad3fbe000 ---p 00030000 08:06 5255171                    /usr/local/lib/libdc1394.so.22.1.8
7f9ad3fbe000-7f9ad3fbf000 r--p 0002f000 08:06 5255171                    /usr/local/lib/libdc1394.so.22.1.8
7f9ad3fbf000-7f9ad3fc0000 rw-p 00030000 08:06 5255171                    /usr/local/lib/libdc1394.so.22.1.8
7f9ad3fc0000-7f9ad4000000 rw-p 00000000 00:00 0 
7f9ad4000000-7f9ad4021000 rw-p 00000000 00:00 0 
7f9ad4021000-7f9ad8000000 ---p 00000000 00:00 0 
7f9ad8000000-7f9ad93ba000 rw-p 00000000 00:00 0 
7f9ad93ba000-7f9adc000000 ---p 00000000 00:00 0 
7f9adc000000-7f9adc021000 rw-p 00000000 00:00 0 
7f9adc021000-7f9ae0000000 ---p 00000000 00:00 0 
7f9ae0000000-7f9ae0021000 rw-p 00000000 00:00 0 
7f9ae0021000-7f9ae4000000 ---p 00000000 00:00 0 
7f9ae4000000-7f9ae4021000 rw-p 00000000 00:00 0 
7f9ae4021000-7f9ae8000000 ---p 00000000 00:00 0 
7f9ae8000000-7f9aebfee000 rw-p 00000000 00:00 0 
7f9aebfee000-7f9aec000000 ---p 00000000 00:00 0 
7f9aec000000-7f9aecc06000 rw-p 00000000 00:00 0 
7f9aecc06000-7f9af0000000 ---p 00000000 00:00 0 
7f9af0000000-7f9af0021000 rw-p 00000000 00:00 0 
7f9af0021000-7f9af4000000 ---p 00000000 00:00 0 
7f9af4000000-7f9af4021000 rw-p 00000000 00:00 0 
7f9af4021000-7f9af8000000 ---p 00000000 00:00 0 
7f9af8000000-7f9af9606000 rw-p 00000000 00:00 0 
7f9af9606000-7f9afc000000 ---p 00000000 00:00 0 
7f9afc000000-7f9afc021000 rw-p 00000000 00:00 0 
7f9afc021000-7f9b00000000 ---p 00000000 00:00 0 
7f9b00000000-7f9b00021000 rw-p 00000000 00:00 0 
7f9b00021000-7f9b04000000 ---p 00000000 00:00 0 
7f9b04000000-7f9b04021000 rw-p 00000000 00:00 0 
7f9b04021000-7f9b08000000 ---p 00000000 00:00 0 
7f9b08000000-7f9b08021000 rw-p 00000000 00:00 0 
7f9b08021000-7f9b0c000000 ---p 00000000 00:00 0 
7f9b0c000000-7f9b0c021000 rw-p 00000000 00:00 0 
7f9b0c021000-7f9b10000000 ---p 00000000 00:00 0 
7f9b1007b000-7f9b1007e000 ---p 00000000 00:00 0 
7f9b1007e000-7f9b1017c000 rw-p 00000000 00:00 0 
7f9b1017c000-7f9b101c0000 r-xp 00000000 08:06 4726996                    /usr/lib/x86_64-linux-gnu/libswscale.so.2.1.0
7f9b101c0000-7f9b103c0000 ---p 00044000 08:06 4726996                    /usr/lib/x86_64-linux-gnu/libswscale.so.2.1.0
7f9b103c0000-7f9b103c1000 r--p 00044000 08:06 4726996                    /usr/lib/x86_64-linux-gnu/libswscale.so.2.1.0
7f9b103c1000-7f9b103c2000 rw-p 00045000 08:06 4726996                    /usr/lib/x86_64-linux-gnu/libswscale.so.2.1.0
7f9b103c2000-7f9b103dc000 r-xp 00000000 08:06 4737322                    /usr/lib/x86_64-linux-gnu/libavutil.so.51.22.1
7f9b103dc000-7f9b105db000 ---p 0001a000 08:06 4737322                    /usr/lib/x86_64-linux-gnu/libavutil.so.51.22.1
7f9b105db000-7f9b105dd000 r--p 00019000 08:06 4737322                    /usr/lib/x86_64-linux-gnu/libavutil.so.51.22.1
7f9b105dd000-7f9b105de000 rw-p 0001b000 08:06 4737322                    /usr/lib/x86_64-linux-gnu/libavutil.so.51.22.1
7f9b105de000-7f9b105e2000 rw-p 00000000 00:00 0 
7f9b105e2000-7f9b106cb000 r-xp 00000000 08:06 4725225                    /usr/lib/x86_64-linux-gnu/libavformat.so.53.21.1
7f9b106cb000-7f9b108cb000 ---p 000e9000 08:06 4725225                    /usr/lib/x86_64-linux-gnu/libavformat.so.53.21.1
7f9b108cb000-7f9b108d2000 r--p 000e9000 08:06 4725225                    /usr/lib/x86_64-linux-gnu/libavformat.so.53.21.1
7f9b108d2000-7f9b108df000 rw-p 000f0000 08:06 4725225                    /usr/lib/x86_64-linux-gnu/libavformat.so.53.21.1
7f9b108df000-7f9b10f5f000 r-xp 00000000 08:06 4725223                    /usr/lib/x86_64-linux-gnu/libavcodec.so.53.35.0
7f9b10f5f000-7f9b1115e000 ---p 00680000 08:06 4725223                    /usr/lib/x86_64-linux-gnu/libavcodec.so.53.35.0
7f9b1115e000-7f9b11171000 r--p 0067f000 08:06 4725223                    /usr/lib/x86_64-linux-gnu/libavcodec.so.53.35.0
7f9b11171000-7f9b11189000 rw-p 00692000 08:06 4725223                    /usr/lib/x86_64-linux-gnu/libavcodec.so.53.35.0
7f9b11189000-7f9b116f9000 rw-p 00000000 00:00 0 
7f9b116f9000-7f9b117eb000 r-xp 00000000 08:06 4856580                    /lib/x86_64-linux-gnu/libglib-2.0.so.0.3200.3
7f9b117eb000-7f9b119eb000 ---p 000f2000 08:06 4856580                    /lib/x86_64-linux-gnu/libglib-2.0.so.0.3200.3
7f9b119eb000-7f9b119ec000 r--p 000f2000 08:06 4856580                    /lib/x86_64-linux-gnu/libglib-2.0.so.0.3200.3
7f9b119ec000-7f9b119ed000 rw-p 000f3000 08:06 4856580                    /lib/x86_64-linux-gnu/libglib-2.0.so.0.3200.3
7f9b119ed000-7f9b119ee000 rw-p 00000000 00:00 0 
7f9b119ee000-7f9b11a3b000 r-xp 00000000 08:06 4718964                    /usr/lib/x86_64-linux-gnu/libgobject-2.0.so.0.3200.3
7f9b11a3b000-7f9b11c3b000 ---p 0004d000 08:06 4718964                    /usr/lib/x86_64-linux-gnu/libgobject-2.0.so.0.3200.3
7f9b11c3b000-7f9b11c3c000 r--p 0004d000 08:06 4718964                    /usr/lib/x86_64-linux-gnu/libgobject-2.0.so.0.3200.3
7f9b11c3c000-7f9b11c3d000 rw-p 0004e000 08:06 4718964                    /usr/lib/x86_64-linux-gnu/libgobject-2.0.so.0.3200.3
7f9b11c3d000-7f9b11cea000 r-xp 00000000 08:06 4726028                    /usr/lib/x86_64-linux-gnu/libgdk-x11-2.0.so.0.2400.10
7f9b11cea000-7f9b11ee9000 ---p 000ad000 08:06 4726028                    /usr/lib/x86_64-linux-gnu/libgdk-x11-2.0.so.0.2400.10
7f9b11ee9000-7f9b11eed000 r--p 000ac000 08:06 4726028                    /usr/lib/x86_64-linux-gnu/libgdk-x11-2.0.so.0.2400.10
7f9b11eed000-7f9b11eef000 rw-p 000b0000 08:06 4726028                    /usr/lib/x86_64-linux-gnu/libgdk-x11-2.0.so.0.2400.10
7f9b11eef000-7f9b1231c000 r-xp 00000000 08:06 4726123                    /usr/lib/x86_64-linux-gnu/libgtk-x11-2.0.so.0.2400.10
7f9b1231c000-7f9b1251c000 ---p 0042d000 08:06 4726123                    /usr/lib/x86_64-linux-gnu/libgtk-x11-2.0.so.0.2400.10
7f9b1251c000-7f9b12523000 r--p 0042d000 08:06 4726123                    /usr/lib/x86_64-linux-gnu/libgtk-x11-2.0.so.0.2400.10
7f9b12523000-7f9b12527000 rw-p 00434000 08:06 4726123                    /usr/lib/x86_64-linux-gnu/libgtk-x11-2.0.so.0.2400.10
7f9b12527000-7f9b12529000 rw-p 00000000 00:00 0 
7f9b12529000-7f9b1256b000 r-xp 00000000 08:06 4727074                    /usr/lib/libHalf.so.6.0.0
7f9b1256b000-7f9b1276a000 ---p 00042000 08:06 4727074                    /usr/lib/libHalf.so.6.0.0
7f9b1276a000-7f9b1276b000 r--p 00041000 08:06 4727074                    /usr/lib/libHalf.so.6.0.0
7f9b1276b000-7f9b1276c000 rw-p 00042000 08:06 4727074                    /usr/lib/libHalf.so.6.0.0
7f9b1276c000-7f9b1282a000 r-xp 00000000 08:06 4727081                    /usr/lib/libIlmImf.so.6.0.0
7f9b1282a000-7f9b12a29000 ---p 000be000 08:06 4727081                    /usr/lib/libIlmImf.so.6.0.0
7f9b12a29000-7f9b12a2c000 r--p 000bd000 08:06 4727081                    /usr/lib/libIlmImf.so.6.0.0
7f9b12a2c000-7f9b12a2d000 rw-p 000c0000 08:06 4727081                    /usr/lib/libIlmImf.so.6.0.0
7f9b12a2d000-7f9b12a79000 r-xp 00000000 08:06 4726156                    /usr/lib/x86_64-linux-gnu/libjasper.so.1.0.0
7f9b12a79000-7f9b12c78000 ---p 0004c000 08:06 4726156                    /usr/lib/x86_64-linux-gnu/libjasper.so.1.0.0
7f9b12c78000-7f9b12c79000 r--p 0004b000 08:06 4726156                    /usr/lib/x86_64-linux-gnu/libjasper.so.1.0.0
7f9b12c79000-7f9b12c7d000 rw-p 0004c000 08:06 4726156                    /usr/lib/x86_64-linux-gnu/libjasper.so.1.0.0
7f9b12c7d000-7f9b12c84000 rw-p 00000000 00:00 0 
7f9b12c84000-7f9b12ce5000 r-xp 00000000 08:06 4730856                    /usr/lib/x86_64-linux-gnu/libtiff.so.4.3.4
7f9b12ce5000-7f9b12ee4000 ---p 00061000 08:06 4730856                    /usr/lib/x86_64-linux-gnu/libtiff.so.4.3.4
7f9b12ee4000-7f9b12ee6000 r--p 00060000 08:06 4730856                    /usr/lib/x86_64-linux-gnu/libtiff.so.4.3.4
7f9b12ee6000-7f9b12ee7000 rw-p 00062000 08:06 4730856                    /usr/lib/x86_64-linux-gnu/libtiff.so.4.3.4
7f9b12ee7000-7f9b12f0d000 r-xp 00000000 08:06 4853342                    /lib/x86_64-linux-gnu/libpng12.so.0.46.0
7f9b12f0d000-7f9b1310d000 ---p 00026000 08:06 4853342                    /lib/x86_64-linux-gnu/libpng12.so.0.46.0
7f9b1310d000-7f9b1310e000 r--p 00026000 08:06 4853342                    /lib/x86_64-linux-gnu/libpng12.so.0.46.0
7f9b1310e000-7f9b1310f000 rw-p 00027000 08:06 4853342                    /lib/x86_64-linux-gnu/libpng12.so.0.46.0
7f9b1310f000-7f9b1314d000 r-xp 00000000 08:06 4726216                    /usr/lib/x86_64-linux-gnu/libjpeg.so.8.0.2
7f9b1314d000-7f9b1334d000 ---p 0003e000 08:06 4726216                    /usr/lib/x86_64-linux-gnu/libjpeg.so.8.0.2
7f9b1334d000-7f9b1334e000 r--p 0003e000 08:06 4726216                    /usr/lib/x86_64-linux-gnu/libjpeg.so.8.0.2
7f9b1334e000-7f9b1334f000 rw-p 0003f000 08:06 4726216                    /usr/lib/x86_64-linux-gnu/libjpeg.so.8.0.2
7f9b1334f000-7f9b1335f000 rw-p 00000000 00:00 0 
7f9b1335f000-7f9b1339d000 r-xp 00000000 08:06 4720981                    /usr/lib/libopencv_highgui.so.2.2
7f9b1339d000-7f9b1359c000 ---p 0003e000 08:06 4720981                    /usr/lib/libopencv_highgui.so.2.2
7f9b1359c000-7f9b1359e000 r--p 0003d000 08:06 4720981                    /usr/lib/libopencv_highgui.so.2.2
7f9b1359e000-7f9b1359f000 rw-p 0003f000 08:06 4720981                    /usr/lib/libopencv_highgui.so.2.2
7f9b1359f000-7f9b135a0000 rw-p 00000000 00:00 0 
7f9b135a0000-7f9b135ad000 r-xp 00000000 08:06 917536                     /tmp/libjniopencv_highgui100552466824414401.so
7f9b135ad000-7f9b137ac000 ---p 0000d000 08:06 917536                     /tmp/libjniopencv_highgui100552466824414401.so
7f9b137ac000-7f9b137ad000 rw-p 0000c000 08:06 917536                     /tmp/libjniopencv_highgui100552466824414401.so
7f9b137ad000-7f9b139dd000 r-xp 00000000 08:06 5255917                    /usr/local/lib/libopencv_highgui.so.2.4.4
7f9b139dd000-7f9b13bdc000 ---p 00230000 08:06 5255917                    /usr/local/lib/libopencv_highgui.so.2.4.4
7f9b13bdc000-7f9b13be4000 r--p 0022f000 08:06 5255917                    /usr/local/lib/libopencv_highgui.so.2.4.4
7f9b13be4000-7f9b13bed000 rw-p 00237000 08:06 5255917                    /usr/local/lib/libopencv_highgui.so.2.4.4
7f9b13bed000-7f9b13bf5000 rw-p 00000000 00:00 0 
7f9b13bf5000-7f9b13bf8000 ---p 00000000 00:00 0 
7f9b13bf8000-7f9b13cf6000 rw-p 00000000 00:00 0 
7f9b13cf6000-7f9b13cfe000 r-xp 00000000 08:06 4725849                    /usr/lib/x86_64-linux-gnu/libXrandr.so.2.2.0
7f9b13cfe000-7f9b13efd000 ---p 00008000 08:06 4725849                    /usr/lib/x86_64-linux-gnu/libXrandr.so.2.2.0
7f9b13efd000-7f9b13efe000 r--p 00007000 08:06 4725849                    /usr/lib/x86_64-linux-gnu/libXrandr.so.2.2.0
7f9b13efe000-7f9b13eff000 rw-p 00008000 08:06 4725849                    /usr/lib/x86_64-linux-gnu/libXrandr.so.2.2.0
7f9b13eff000-7f9b13f02000 ---p 00000000 00:00 0 
7f9b13f02000-7f9b14000000 rw-p 00000000 00:00 0 
7f9b14000000-7f9b14021000 rw-p 00000000 00:00 0 
7f9b14021000-7f9b18000000 ---p 00000000 00:00 0 
7f9b18039000-7f9b1803c000 ---p 00000000 00:00 0 
7f9b1803c000-7f9b1813a000 rw-p 00000000 00:00 0 
7f9b1813a000-7f9b1813f000 r-xp 00000000 08:06 4725833                    /usr/lib/x86_64-linux-gnu/libXfixes.so.3.1.0
7f9b1813f000-7f9b1833e000 ---p 00005000 08:06 4725833                    /usr/lib/x86_64-linux-gnu/libXfixes.so.3.1.0
7f9b1833e000-7f9b1833f000 r--p 00004000 08:06 4725833                    /usr/lib/x86_64-linux-gnu/libXfixes.so.3.1.0
7f9b1833f000-7f9b18340000 rw-p 00005000 08:06 4725833                    /usr/lib/x86_64-linux-gnu/libXfixes.so.3.1.0
7f9b18340000-7f9b18341000 r--s 00000000 08:06 1181644                    /var/cache/fontconfig/c05880de57d1f5e948fdfacc138775d9-le64.cache-3
7f9b18341000-7f9b1834a000 r--s 00000000 08:06 1179735                    /var/cache/fontconfig/945677eb7aeaf62f1d50efc3fb3ec7d8-le64.cache-3
7f9b1834a000-7f9b1834c000 r--s 00000000 08:06 1181629                    /var/cache/fontconfig/99e8ed0e538f840c565b6ed5dad60d56-le64.cache-3
7f9b1834c000-7f9b18354000 r--s 00000000 08:06 1181626                    /var/cache/fontconfig/a6d8cf8e4ec09cdbc8633c31745a07dd-le64.cache-3
7f9b18354000-7f9b18358000 r--s 00000000 08:06 1181625                    /var/cache/fontconfig/2cd17615ca594fa2959ae173292e504c-le64.cache-3
7f9b18358000-7f9b18359000 r--s 00000000 08:06 1181624                    /var/cache/fontconfig/e7071f4a29fa870f4323321c154eba04-le64.cache-3
7f9b18359000-7f9b1835a000 r--s 00000000 08:06 1181587                    /var/cache/fontconfig/0d8c3b2ac0904cb8a57a757ad11a4a08-le64.cache-3
7f9b1835a000-7f9b18360000 r--s 00000000 08:06 1181586                    /var/cache/fontconfig/a755afe4a08bf5b97852ceb7400b47bc-le64.cache-3
7f9b18360000-7f9b18369000 r--s 00000000 08:06 1182361                    /var/cache/fontconfig/6d41288fd70b0be22e8c3a91e032eec0-le64.cache-3
7f9b18369000-7f9b18397000 r--s 00000000 08:06 1180867                    /var/cache/fontconfig/365b55f210c0a22e9a19e35191240f32-le64.cache-3
7f9b18420000-7f9b18423000 ---p 00000000 00:00 0 
7f9b18423000-7f9b18521000 rw-p 00000000 00:00 0 
7f9b18521000-7f9b18522000 r--s 00000000 08:06 1181644                    /var/cache/fontconfig/c05880de57d1f5e948fdfacc138775d9-le64.cache-3
7f9b18522000-7f9b1852b000 r--s 00000000 08:06 1179735                    /var/cache/fontconfig/945677eb7aeaf62f1d50efc3fb3ec7d8-le64.cache-3
7f9b1852b000-7f9b1852d000 r--s 00000000 08:06 1181629                    /var/cache/fontconfig/99e8ed0e538f840c565b6ed5dad60d56-le64.cache-3
7f9b1852d000-7f9b18535000 r--s 00000000 08:06 1181626                    /var/cache/fontconfig/a6d8cf8e4ec09cdbc8633c31745a07dd-le64.cache-3
7f9b18535000-7f9b18539000 r--s 00000000 08:06 1181625                    /var/cache/fontconfig/2cd17615ca594fa2959ae173292e504c-le64.cache-3
7f9b18539000-7f9b1853a000 r--s 00000000 08:06 1181624                    /var/cache/fontconfig/e7071f4a29fa870f4323321c154eba04-le64.cache-3
7f9b1853a000-7f9b1853b000 r--s 00000000 08:06 1181587                    /var/cache/fontconfig/0d8c3b2ac0904cb8a57a757ad11a4a08-le64.cache-3
7f9b1853b000-7f9b18541000 r--s 00000000 08:06 1181586                    /var/cache/fontconfig/a755afe4a08bf5b97852ceb7400b47bc-le64.cache-3
7f9b18541000-7f9b1854a000 r--s 00000000 08:06 1182361                    /var/cache/fontconfig/6d41288fd70b0be22e8c3a91e032eec0-le64.cache-3
7f9b1854a000-7f9b1855a000 r--s 00000000 08:06 1181583                    /var/cache/fontconfig/04aabc0a78ac019cf9454389977116d2-le64.cache-3
7f9b1855a000-7f9b1855d000 r--s 00000000 08:06 1179717                    /var/cache/fontconfig/385c0604a188198f04d133e54aba7fe7-le64.cache-3
7f9b1855d000-7f9b1855e000 r--s 00000000 08:06 1189802                    /var/cache/fontconfig/4794a0821666d79190d59a36cb4f44b5-le64.cache-3
7f9b1855e000-7f9b18561000 r--s 00000000 08:06 1179714                    /var/cache/fontconfig/8801497958630a81b71ace7c5f9b32a8-le64.cache-3
7f9b18561000-7f9b1858f000 r--s 00000000 08:06 1180867                    /var/cache/fontconfig/365b55f210c0a22e9a19e35191240f32-le64.cache-3
7f9b1858f000-7f9b18594000 r--s 00000000 08:06 1181580                    /var/cache/fontconfig/3047814df9a2f067bd2d96a2b9c36e5a-le64.cache-3
7f9b18594000-7f9b18599000 r--s 00000000 08:06 1181571                    /var/cache/fontconfig/b47c4e1ecd0709278f4910c18777a504-le64.cache-3
7f9b18599000-7f9b185a1000 r--s 00000000 08:06 1181565                    /var/cache/fontconfig/52f7bdb7ce746bfd7eaa1985bd9cfa93-le64.cache-3
7f9b185af000-7f9b185b8000 r-xp 00000000 08:06 4725825                    /usr/lib/x86_64-linux-gnu/libXcursor.so.1.0.2
7f9b185b8000-7f9b187b7000 ---p 00009000 08:06 4725825                    /usr/lib/x86_64-linux-gnu/libXcursor.so.1.0.2
7f9b187b7000-7f9b187b8000 r--p 00008000 08:06 4725825                    /usr/lib/x86_64-linux-gnu/libXcursor.so.1.0.2
7f9b187b8000-7f9b187b9000 rw-p 00009000 08:06 4725825                    /usr/lib/x86_64-linux-gnu/libXcursor.so.1.0.2
7f9b187d1000-7f9b187d8000 r--s 00000000 08:06 5121993                    /usr/lib/x86_64-linux-gnu/gconv/gconv-modules.cache
7f9b187d8000-7f9b187d9000 rw-p 00000000 00:00 0 
7f9b187d9000-7f9b187da000 r--s 00000000 08:06 1181579                    /var/cache/fontconfig/56cf4f4769d0f4abc89a4895d7bd3ae1-le64.cache-3
7f9b187da000-7f9b187ea000 r--s 00000000 08:06 1181506                    /var/cache/fontconfig/d52a8644073d54c13679302ca1180695-le64.cache-3
7f9b187ea000-7f9b187f0000 r--s 00000000 08:06 1181505                    /var/cache/fontconfig/3f7329c5293ffd510edef78f73874cfd-le64.cache-3
7f9b187f0000-7f9b187f3000 r--s 00000000 08:06 1179732                    /var/cache/fontconfig/e13b20fdb08344e0e664864cc2ede53d-le64.cache-3
7f9b187f3000-7f9b187f7000 r--s 00000000 08:06 1180929                    /var/cache/fontconfig/7ef2298fde41cc6eeb7af42e48b7d293-le64.cache-3
7f9b187f7000-7f9b187fa000 ---p 00000000 00:00 0 
7f9b187fa000-7f9b188f8000 rw-p 00000000 00:00 0 
7f9b188f8000-7f9b1898e000 r-xp 00000000 08:06 4719698                    /usr/lib/x86_64-linux-gnu/libfreetype.so.6.8.0
7f9b1898e000-7f9b18b8d000 ---p 00096000 08:06 4719698                    /usr/lib/x86_64-linux-gnu/libfreetype.so.6.8.0
7f9b18b8d000-7f9b18b93000 r--p 00095000 08:06 4719698                    /usr/lib/x86_64-linux-gnu/libfreetype.so.6.8.0
7f9b18b93000-7f9b18b94000 rw-p 0009b000 08:06 4719698                    /usr/lib/x86_64-linux-gnu/libfreetype.so.6.8.0
7f9b18b94000-7f9b18bce000 r-xp 00000000 08:06 4860139                    /usr/lib/jvm/java-6-openjdk-amd64/jre/lib/amd64/libfontmanager.so
7f9b18bce000-7f9b18dcd000 ---p 0003a000 08:06 4860139                    /usr/lib/jvm/java-6-openjdk-amd64/jre/lib/amd64/libfontmanager.so
7f9b18dcd000-7f9b18dcf000 r--p 00039000 08:06 4860139                    /usr/lib/jvm/java-6-openjdk-amd64/jre/lib/amd64/libfontmanager.so
7f9b18dcf000-7f9b18dd0000 rw-p 0003b000 08:06 4860139                    /usr/lib/jvm/java-6-openjdk-amd64/jre/lib/amd64/libfontmanager.so
7f9b18dd0000-7f9b18f6a000 r-xp 00000000 08:06 4720354                    /usr/lib/libopencv_imgproc.so.2.2
7f9b18f6a000-7f9b19169000 ---p 0019a000 08:06 4720354                    /usr/lib/libopencv_imgproc.so.2.2
7f9b19169000-7f9b1916d000 r--p 00199000 08:06 4720354                    /usr/lib/libopencv_imgproc.so.2.2
7f9b1916d000-7f9b1916e000 rw-p 0019d000 08:06 4720354                    /usr/lib/libopencv_imgproc.so.2.2
7f9b1916e000-7f9b19203000 rw-p 00000000 00:00 0 
7f9b19203000-7f9b19229000 r-xp 00000000 08:06 917529                     /tmp/libjniopencv_imgproc866409701868631688.so
7f9b19229000-7f9b19428000 ---p 00026000 08:06 917529                     /tmp/libjniopencv_imgproc866409701868631688.so
7f9b19428000-7f9b19429000 rw-p 00025000 08:06 917529                     /tmp/libjniopencv_imgproc866409701868631688.so
7f9b19429000-7f9b19639000 r-xp 00000000 08:06 5255870                    /usr/local/lib/libopencv_imgproc.so.2.4.4
7f9b19639000-7f9b19838000 ---p 00210000 08:06 5255870                    /usr/local/lib/libopencv_imgproc.so.2.4.4
7f9b19838000-7f9b1983e000 r--p 0020f000 08:06 5255870                    /usr/local/lib/libopencv_imgproc.so.2.4.4
7f9b1983e000-7f9b19840000 rw-p 00215000 08:06 5255870                    /usr/local/lib/libopencv_imgproc.so.2.4.4
7f9b19840000-7f9b198d5000 rw-p 00000000 00:00 0 
7f9b198d5000-7f9b198da000 r-xp 00000000 08:06 4725829                    /usr/lib/x86_64-linux-gnu/libXdmcp.so.6.0.0
7f9b198da000-7f9b19ad9000 ---p 00005000 08:06 4725829                    /usr/lib/x86_64-linux-gnu/libXdmcp.so.6.0.0
7f9b19ad9000-7f9b19ada000 r--p 00004000 08:06 4725829                    /usr/lib/x86_64-linux-gnu/libXdmcp.so.6.0.0
7f9b19ada000-7f9b19adb000 rw-p 00005000 08:06 4725829                    /usr/lib/x86_64-linux-gnu/libXdmcp.so.6.0.0
7f9b19adb000-7f9b19add000 r-xp 00000000 08:06 4725818                    /usr/lib/x86_64-linux-gnu/libXau.so.6.0.0
7f9b19add000-7f9b19cdc000 ---p 00002000 08:06 4725818                    /usr/lib/x86_64-linux-gnu/libXau.so.6.0.0
7f9b19cdc000-7f9b19cdd000 r--p 00001000 08:06 4725818                    /usr/lib/x86_64-linux-gnu/libXau.so.6.0.0
7f9b19cdd000-7f9b19cde000 rw-p 00002000 08:06 4725818                    /usr/lib/x86_64-linux-gnu/libXau.so.6.0.0
7f9b19cde000-7f9b19cfb000 r-xp 00000000 08:06 4721109                    /usr/lib/x86_64-linux-gnu/libxcb.so.1.1.0
7f9b19cfb000-7f9b19efa000 ---p 0001d000 08:06 4721109                    /usr/lib/x86_64-linux-gnu/libxcb.so.1.1.0
7f9b19efa000-7f9b19efb000 r--p 0001c000 08:06 4721109                    /usr/lib/x86_64-linux-gnu/libxcb.so.1.1.0
7f9b19efb000-7f9b19efc000 rw-p 0001d000 08:06 4721109                    /usr/lib/x86_64-linux-gnu/libxcb.so.1.1.0
7f9b19efc000-7f9b19f0a000 r-xp 00000000 08:06 4725837                    /usr/lib/x86_64-linux-gnu/libXi.so.6.1.0
7f9b19f0a000-7f9b1a109000 ---p 0000e000 08:06 4725837                    /usr/lib/x86_64-linux-gnu/libXi.so.6.1.0
7f9b1a109000-7f9b1a10a000 r--p 0000d000 08:06 4725837                    /usr/lib/x86_64-linux-gnu/libXi.so.6.1.0
7f9b1a10a000-7f9b1a10b000 rw-p 0000e000 08:06 4725837                    /usr/lib/x86_64-linux-gnu/libXi.so.6.1.0
7f9b1a10b000-7f9b1a110000 r-xp 00000000 08:06 4725855                    /usr/lib/x86_64-linux-gnu/libXtst.so.6.1.0
7f9b1a110000-7f9b1a30f000 ---p 00005000 08:06 4725855                    /usr/lib/x86_64-linux-gnu/libXtst.so.6.1.0
7f9b1a30f000-7f9b1a310000 r--p 00004000 08:06 4725855                    /usr/lib/x86_64-linux-gnu/libXtst.so.6.1.0
7f9b1a310000-7f9b1a311000 rw-p 00005000 08:06 4725855                    /usr/lib/x86_64-linux-gnu/libXtst.so.6.1.0
7f9b1a311000-7f9b1a31a000 r-xp 00000000 08:06 4725851                    /usr/lib/x86_64-linux-gnu/libXrender.so.1.3.0
7f9b1a31a000-7f9b1a519000 ---p 00009000 08:06 4725851                    /usr/lib/x86_64-linux-gnu/libXrender.so.1.3.0
7f9b1a519000-7f9b1a51a000 r--p 00008000 08:06 4725851                    /usr/lib/x86_64-linux-gnu/libXrender.so.1.3.0
7f9b1a51a000-7f9b1a51b000 rw-p 00009000 08:06 4725851                    /usr/lib/x86_64-linux-gnu/libXrender.so.1.3.0
7f9b1a51b000-7f9b1a64a000 r-xp 00000000 08:06 4725816                    /usr/lib/x86_64-linux-gnu/libX11.so.6.3.0
7f9b1a64a000-7f9b1a84a000 ---p 0012f000 08:06 4725816                    /usr/lib/x86_64-linux-gnu/libX11.so.6.3.0
7f9b1a84a000-7f9b1a84b000 r--p 0012f000 08:06 4725816                    /usr/lib/x86_64-linux-gnu/libX11.so.6.3.0
7f9b1a84b000-7f9b1a84f000 rw-p 00130000 08:06 4725816                    /usr/lib/x86_64-linux-gnu/libX11.so.6.3.0
7f9b1a84f000-7f9b1a85f000 r-xp 00000000 08:06 4725831                    /usr/lib/x86_64-linux-gnu/libXext.so.6.4.0
7f9b1a85f000-7f9b1aa5e000 ---p 00010000 08:06 4725831                    /usr/lib/x86_64-linux-gnu/libXext.so.6.4.0
7f9b1aa5e000-7f9b1aa5f000 r--p 0000f000 08:06 4725831                    /usr/lib/x86_64-linux-gnu/libXext.so.6.4.0
7f9b1aa5f000-7f9b1aa60000 rw-p 00010000 08:06 4725831                    /usr/lib/x86_64-linux-gnu/libXext.so.6.4.0
7f9b1aa60000-7f9b1aaab000 r-xp 00000000 08:06 4862136                    /usr/lib/jvm/java-6-openjdk-amd64/jre/lib/amd64/xawt/libmawt.so
7f9b1aaab000-7f9b1acab000 ---p 0004b000 08:06 4862136                    /usr/lib/jvm/java-6-openjdk-amd64/jre/lib/amd64/xawt/libmawt.so
7f9b1acab000-7f9b1acac000 r--p 0004b000 08:06 4862136                    /usr/lib/jvm/java-6-openjdk-amd64/jre/lib/amd64/xawt/libmawt.so
7f9b1acac000-7f9b1acaf000 rw-p 0004c000 08:06 4862136                    /usr/lib/jvm/java-6-openjdk-amd64/jre/lib/amd64/xawt/libmawt.so
7f9b1acaf000-7f9b1acb0000 rw-p 00000000 00:00 0 
7f9b1acb0000-7f9b1ad5c000 r-xp 00000000 08:06 4860151                    /usr/lib/jvm/java-6-openjdk-amd64/jre/lib/amd64/libawt.so
7f9b1ad5c000-7f9b1af5b000 ---p 000ac000 08:06 4860151                    /usr/lib/jvm/java-6-openjdk-amd64/jre/lib/amd64/libawt.so
7f9b1af5b000-7f9b1af5c000 r--p 000ab000 08:06 4860151                    /usr/lib/jvm/java-6-openjdk-amd64/jre/lib/amd64/libawt.so
7f9b1af5c000-7f9b1af67000 rw-p 000ac000 08:06 4860151                    /usr/lib/jvm/java-6-openjdk-amd64/jre/lib/amd64/libawt.so
7f9b1af67000-7f9b1af8c000 rw-p 00000000 00:00 0 
7f9b1af8c000-7f9b1b149000 r-xp 00000000 08:06 4720352                    /usr/lib/libopencv_core.so.2.2
7f9b1b149000-7f9b1b348000 ---p 001bd000 08:06 4720352                    /usr/lib/libopencv_core.so.2.2
7f9b1b348000-7f9b1b34b000 r--p 001bc000 08:06 4720352                    /usr/lib/libopencv_core.so.2.2
7f9b1b34b000-7f9b1b353000 rw-p 001bf000 08:06 4720352                    /usr/lib/libopencv_core.so.2.2
7f9b1b353000-7f9b1b354000 rw-p 00000000 00:00 0 
7f9b1b354000-7f9b1b3bd000 r-xp 00000000 08:06 917527                     /tmp/libjniopencv_core2918971323824701634.so
7f9b1b3bd000-7f9b1b5bc000 ---p 00069000 08:06 917527                     /tmp/libjniopencv_core2918971323824701634.so
7f9b1b5bc000-7f9b1b5be000 rw-p 00068000 08:06 917527                     /tmp/libjniopencv_core2918971323824701634.so
7f9b1b5be000-7f9b1b7d2000 r-xp 00000000 08:06 5255853                    /usr/local/lib/libopencv_core.so.2.4.4
7f9b1b7d2000-7f9b1b9d2000 ---p 00214000 08:06 5255853                    /usr/local/lib/libopencv_core.so.2.4.4
7f9b1b9d2000-7f9b1b9d5000 r--p 00214000 08:06 5255853                    /usr/local/lib/libopencv_core.so.2.4.4
7f9b1b9d5000-7f9b1b9de000 rw-p 00217000 08:06 5255853                    /usr/local/lib/libopencv_core.so.2.4.4
7f9b1b9de000-7f9b1b9df000 rw-p 00000000 00:00 0 
7f9b1b9df000-7f9b1b9e7000 r-xp 00000000 08:06 4860903                    /usr/lib/jvm/java-6-openjdk-amd64/jre/lib/amd64/libnio.so
7f9b1b9e7000-7f9b1bbe6000 ---p 00008000 08:06 4860903                    /usr/lib/jvm/java-6-openjdk-amd64/jre/lib/amd64/libnio.so
7f9b1bbe6000-7f9b1bbe7000 r--p 00007000 08:06 4860903                    /usr/lib/jvm/java-6-openjdk-amd64/jre/lib/amd64/libnio.so
7f9b1bbe7000-7f9b1bbe8000 rw-p 00008000 08:06 4860903                    /usr/lib/jvm/java-6-openjdk-amd64/jre/lib/amd64/libnio.so
7f9b1bbe8000-7f9b1bbfd000 r-xp 00000000 08:06 4860168                    /usr/lib/jvm/java-6-openjdk-amd64/jre/lib/amd64/libnet.so
7f9b1bbfd000-7f9b1bdfc000 ---p 00015000 08:06 4860168                    /usr/lib/jvm/java-6-openjdk-amd64/jre/lib/amd64/libnet.so
7f9b1bdfc000-7f9b1bdfd000 r--p 00014000 08:06 4860168                    /usr/lib/jvm/java-6-openjdk-amd64/jre/lib/amd64/libnet.so
7f9b1bdfd000-7f9b1bdfe000 rw-p 00015000 08:06 4860168                    /usr/lib/jvm/java-6-openjdk-amd64/jre/lib/amd64/libnet.so
7f9b1bdfe000-7f9b1be01000 ---p 00000000 00:00 0 
7f9b1be01000-7f9b1beff000 rw-p 00000000 00:00 0 
7f9b1beff000-7f9b1bf00000 ---p 00000000 00:00 0 
7f9b1bf00000-7f9b1c000000 rw-p 00000000 00:00 0 
7f9b1c000000-7f9b1c021000 rw-p 00000000 00:00 0 
7f9b1c021000-7f9b20000000 ---p 00000000 00:00 0 
7f9b20000000-7f9b20001000 r--s 00000000 08:06 1181572                    /var/cache/fontconfig/b9d506c9ac06c20b433354fa67a72993-le64.cache-3
7f9b20001000-7f9b20011000 r--s 00000000 08:06 1181583                    /var/cache/fontconfig/04aabc0a78ac019cf9454389977116d2-le64.cache-3
7f9b20011000-7f9b20014000 r--s 00000000 08:06 1179717                    /var/cache/fontconfig/385c0604a188198f04d133e54aba7fe7-le64.cache-3
7f9b20014000-7f9b20017000 ---p 00000000 00:00 0 
7f9b20017000-7f9b20115000 rw-p 00000000 00:00 0 
7f9b20115000-7f9b20118000 ---p 00000000 00:00 0 
7f9b20118000-7f9b20216000 rw-p 00000000 00:00 0 
7f9b20216000-7f9b20219000 ---p 00000000 00:00 0 
7f9b20219000-7f9b20317000 rw-p 00000000 00:00 0 
7f9b20317000-7f9b2031a000 ---p 00000000 00:00 0 
7f9b2031a000-7f9b20418000 rw-p 00000000 00:00 0 
7f9b20418000-7f9b20afb000 r--p 00000000 08:06 4725192                    /usr/lib/locale/locale-archive
7f9b20afb000-7f9b20afe000 ---p 00000000 00:00 0 
7f9b20afe000-7f9b20bfc000 rw-p 00000000 00:00 0 
7f9b20bfc000-7f9b20bff000 ---p 00000000 00:00 0 
7f9b20bff000-7f9b20cfd000 rw-p 00000000 00:00 0 
7f9b20cfd000-7f9b20cfe000 ---p 00000000 00:00 0 
7f9b20cfe000-7f9b21000000 rw-p 00000000 00:00 0 
7f9b21000000-7f9b21270000 rwxp 00000000 00:00 0 
7f9b21270000-7f9b2439a000 rw-p 00000000 00:00 0 
7f9b2439a000-7f9b28000000 ---p 00000000 00:00 0 
7f9b28000000-7f9b28001000 r--s 00000000 08:06 1189802                    /var/cache/fontconfig/4794a0821666d79190d59a36cb4f44b5-le64.cache-3
7f9b28001000-7f9b28004000 r--s 00000000 08:06 1179714                    /var/cache/fontconfig/8801497958630a81b71ace7c5f9b32a8-le64.cache-3
7f9b28004000-7f9b28009000 r--s 00000000 08:06 1181580                    /var/cache/fontconfig/3047814df9a2f067bd2d96a2b9c36e5a-le64.cache-3
7f9b28009000-7f9b2800a000 r--s 00000000 08:06 1181579                    /var/cache/fontconfig/56cf4f4769d0f4abc89a4895d7bd3ae1-le64.cache-3
7f9b2800a000-7f9b2800b000 r--s 00000000 08:06 1181572                    /var/cache/fontconfig/b9d506c9ac06c20b433354fa67a72993-le64.cache-3
7f9b2800b000-7f9b28010000 r--s 00000000 08:06 1181571                    /var/cache/fontconfig/b47c4e1ecd0709278f4910c18777a504-le64.cache-3
7f9b28010000-7f9b28018000 r--s 00000000 08:06 1181565                    /var/cache/fontconfig/52f7bdb7ce746bfd7eaa1985bd9cfa93-le64.cache-3
7f9b28018000-7f9b28028000 r--s 00000000 08:06 1181506                    /var/cache/fontconfig/d52a8644073d54c13679302ca1180695-le64.cache-3
7f9b28028000-7f9b2802e000 r--s 00000000 08:06 1181505                    /var/cache/fontconfig/3f7329c5293ffd510edef78f73874cfd-le64.cache-3
7f9b2802e000-7f9b28031000 r--s 00000000 08:06 1179732                    /var/cache/fontconfig/e13b20fdb08344e0e664864cc2ede53d-le64.cache-3
7f9b28031000-7f9b28035000 r--s 00000000 08:06 1180929                    /var/cache/fontconfig/7ef2298fde41cc6eeb7af42e48b7d293-le64.cache-3
7f9b28035000-7f9b28066000 rw-p 00000000 00:00 0 
7f9b28066000-7f9b28067000 r--s 00005000 08:06 131641                     /home/daniel/svn/2013/src/971CV/src/org/frc971/private_aos_camera_jar.jar
7f9b28067000-7f9b28069000 r--s 00009000 08:06 8520418                    /home/daniel/svn/2013/src/DaisyCV/external_jars/WPIJavaCV.jar
7f9b28069000-7f9b2806a000 r--s 00005000 08:06 8520531                    /home/daniel/svn/2013/src/DaisyCV/external_jars/WPICameraExtension.jar
7f9b2806a000-7f9b2806f000 r--s 00051000 08:06 8520629                    /home/daniel/svn/2013/src/DaisyCV/external_jars/SmartDashboard.jar
7f9b2806f000-7f9b28071000 r--s 00013000 08:06 2362244                    /home/daniel/svn/2013/src/DaisyCV/external_jars/lib/NetworkTable_Client.jar
7f9b28071000-7f9b28077000 r--s 00034000 08:06 2362243                    /home/daniel/svn/2013/src/DaisyCV/external_jars/lib/junit-4.8.2.jar
7f9b28077000-7f9b28088000 r--s 0014c000 08:06 2362245                    /home/daniel/svn/2013/src/DaisyCV/external_jars/lib/jfreechart-1.0.13.jar
7f9b28088000-7f9b2808e000 r--s 00046000 08:06 2362242                    /home/daniel/svn/2013/src/DaisyCV/external_jars/lib/jcommon-1.0.16.jar
7f9b2808e000-7f9b283c4000 rw-p 00000000 00:00 0 
7f9b283c4000-7f9b28556000 r--s 037d4000 08:06 4850179                    /usr/lib/jvm/java-6-openjdk-amd64/jre/lib/rt.jar
7f9b28556000-7f9b2857e000 rw-p 00000000 00:00 0 
7f9b2857e000-7f9b2857f000 ---p 00000000 00:00 0 
7f9b2857f000-7f9b2867f000 rw-p 00000000 00:00 0 
7f9b2867f000-7f9b28680000 ---p 00000000 00:00 0 
7f9b28680000-7f9b28780000 rw-p 00000000 00:00 0 
7f9b28780000-7f9b28781000 ---p 00000000 00:00 0 
7f9b28781000-7f9b28881000 rw-p 00000000 00:00 0 
7f9b28881000-7f9b28882000 ---p 00000000 00:00 0 
7f9b28882000-7f9b28993000 rw-p 00000000 00:00 0 
7f9b28993000-7f9b28994000 ---p 00000000 00:00 0 
7f9b28994000-7f9b289d5000 rw-p 00000000 00:00 0 
7f9b289d5000-7f9b28a2d000 rw-p 00000000 00:00 0 
7f9b28a2d000-7f9b28b16000 rw-p 00000000 00:00 0 
7f9b28b16000-7f9b28b27000 rw-p 00000000 00:00 0 
7f9b28b27000-7f9b28b28000 ---p 00000000 00:00 0 
7f9b28b28000-7f9b28b69000 rw-p 00000000 00:00 0 
7f9b28b69000-7f9b28bc1000 rw-p 00000000 00:00 0 
7f9b28bc1000-7f9b28ca9000 rw-p 00000000 00:00 0 
7f9b28ca9000-7f9b28d4a000 rw-p 00000000 00:00 0 
7f9b28d4a000-7f9b28d4b000 rw-p 00000000 00:00 0 
7f9b28d4b000-7f9b28d52000 r-xp 00000000 08:06 4860164                    /usr/lib/jvm/java-6-openjdk-amd64/jre/lib/amd64/libzip.so
7f9b28d52000-7f9b28f51000 ---p 00007000 08:06 4860164                    /usr/lib/jvm/java-6-openjdk-amd64/jre/lib/amd64/libzip.so
7f9b28f51000-7f9b28f52000 r--p 00006000 08:06 4860164                    /usr/lib/jvm/java-6-openjdk-amd64/jre/lib/amd64/libzip.so
7f9b28f52000-7f9b28f53000 rw-p 00007000 08:06 4860164                    /usr/lib/jvm/java-6-openjdk-amd64/jre/lib/amd64/libzip.so
7f9b28f53000-7f9b28f5f000 r-xp 00000000 08:06 4856519                    /lib/x86_64-linux-gnu/libnss_files-2.15.so
7f9b28f5f000-7f9b2915e000 ---p 0000c000 08:06 4856519                    /lib/x86_64-linux-gnu/libnss_files-2.15.so
7f9b2915e000-7f9b2915f000 r--p 0000b000 08:06 4856519                    /lib/x86_64-linux-gnu/libnss_files-2.15.so
7f9b2915f000-7f9b29160000 rw-p 0000c000 08:06 4856519                    /lib/x86_64-linux-gnu/libnss_files-2.15.so
7f9b29160000-7f9b2916a000 r-xp 00000000 08:06 4856515                    /lib/x86_64-linux-gnu/libnss_nis-2.15.so
7f9b2916a000-7f9b2936a000 ---p 0000a000 08:06 4856515                    /lib/x86_64-linux-gnu/libnss_nis-2.15.so
7f9b2936a000-7f9b2936b000 r--p 0000a000 08:06 4856515                    /lib/x86_64-linux-gnu/libnss_nis-2.15.so
7f9b2936b000-7f9b2936c000 rw-p 0000b000 08:06 4856515                    /lib/x86_64-linux-gnu/libnss_nis-2.15.so
7f9b2936c000-7f9b29383000 r-xp 00000000 08:06 4856528                    /lib/x86_64-linux-gnu/libnsl-2.15.so
7f9b29383000-7f9b29582000 ---p 00017000 08:06 4856528                    /lib/x86_64-linux-gnu/libnsl-2.15.so
7f9b29582000-7f9b29583000 r--p 00016000 08:06 4856528                    /lib/x86_64-linux-gnu/libnsl-2.15.so
7f9b29583000-7f9b29584000 rw-p 00017000 08:06 4856528                    /lib/x86_64-linux-gnu/libnsl-2.15.so
7f9b29584000-7f9b29586000 rw-p 00000000 00:00 0 
7f9b29586000-7f9b2958e000 r-xp 00000000 08:06 4856520                    /lib/x86_64-linux-gnu/libnss_compat-2.15.so
7f9b2958e000-7f9b2978d000 ---p 00008000 08:06 4856520                    /lib/x86_64-linux-gnu/libnss_compat-2.15.so
7f9b2978d000-7f9b2978e000 r--p 00007000 08:06 4856520                    /lib/x86_64-linux-gnu/libnss_compat-2.15.so
7f9b2978e000-7f9b2978f000 rw-p 00008000 08:06 4856520                    /lib/x86_64-linux-gnu/libnss_compat-2.15.so
7f9b2978f000-7f9b297bb000 r-xp 00000000 08:06 4860145                    /usr/lib/jvm/java-6-openjdk-amd64/jre/lib/amd64/libjava.so
7f9b297bb000-7f9b299ba000 ---p 0002c000 08:06 4860145                    /usr/lib/jvm/java-6-openjdk-amd64/jre/lib/amd64/libjava.so
7f9b299ba000-7f9b299bb000 r--p 0002b000 08:06 4860145                    /usr/lib/jvm/java-6-openjdk-amd64/jre/lib/amd64/libjava.so
7f9b299bb000-7f9b299be000 rw-p 0002c000 08:06 4860145                    /usr/lib/jvm/java-6-openjdk-amd64/jre/lib/amd64/libjava.so
7f9b299be000-7f9b299cc000 r-xp 00000000 08:06 4860904                    /usr/lib/jvm/java-6-openjdk-amd64/jre/lib/amd64/libverify.so
7f9b299cc000-7f9b29bcb000 ---p 0000e000 08:06 4860904                    /usr/lib/jvm/java-6-openjdk-amd64/jre/lib/amd64/libverify.so
7f9b29bcb000-7f9b29bcd000 r--p 0000d000 08:06 4860904                    /usr/lib/jvm/java-6-openjdk-amd64/jre/lib/amd64/libverify.so
7f9b29bcd000-7f9b29bce000 rw-p 0000f000 08:06 4860904                    /usr/lib/jvm/java-6-openjdk-amd64/jre/lib/amd64/libverify.so
7f9b29bce000-7f9b29bd5000 r-xp 00000000 08:06 4856513                    /lib/x86_64-linux-gnu/librt-2.15.so
7f9b29bd5000-7f9b29dd4000 ---p 00007000 08:06 4856513                    /lib/x86_64-linux-gnu/librt-2.15.so
7f9b29dd4000-7f9b29dd5000 r--p 00006000 08:06 4856513                    /lib/x86_64-linux-gnu/librt-2.15.so
7f9b29dd5000-7f9b29dd6000 rw-p 00007000 08:06 4856513                    /lib/x86_64-linux-gnu/librt-2.15.so
7f9b29dd6000-7f9b29deb000 r-xp 00000000 08:06 4853286                    /lib/x86_64-linux-gnu/libgcc_s.so.1
7f9b29deb000-7f9b29fea000 ---p 00015000 08:06 4853286                    /lib/x86_64-linux-gnu/libgcc_s.so.1
7f9b29fea000-7f9b29feb000 r--p 00014000 08:06 4853286                    /lib/x86_64-linux-gnu/libgcc_s.so.1
7f9b29feb000-7f9b29fec000 rw-p 00015000 08:06 4853286                    /lib/x86_64-linux-gnu/libgcc_s.so.1
7f9b29fec000-7f9b2a0e7000 r-xp 00000000 08:06 4856517                    /lib/x86_64-linux-gnu/libm-2.15.so
7f9b2a0e7000-7f9b2a2e6000 ---p 000fb000 08:06 4856517                    /lib/x86_64-linux-gnu/libm-2.15.so
7f9b2a2e6000-7f9b2a2e7000 r--p 000fa000 08:06 4856517                    /lib/x86_64-linux-gnu/libm-2.15.so
7f9b2a2e7000-7f9b2a2e8000 rw-p 000fb000 08:06 4856517                    /lib/x86_64-linux-gnu/libm-2.15.so
7f9b2a2e8000-7f9b2a3ca000 r-xp 00000000 08:06 4726345                    /usr/lib/x86_64-linux-gnu/libstdc++.so.6.0.16
7f9b2a3ca000-7f9b2a5c9000 ---p 000e2000 08:06 4726345                    /usr/lib/x86_64-linux-gnu/libstdc++.so.6.0.16
7f9b2a5c9000-7f9b2a5d1000 r--p 000e1000 08:06 4726345                    /usr/lib/x86_64-linux-gnu/libstdc++.so.6.0.16
7f9b2a5d1000-7f9b2a5d3000 rw-p 000e9000 08:06 4726345                    /usr/lib/x86_64-linux-gnu/libstdc++.so.6.0.16
7f9b2a5d3000-7f9b2a5e8000 rw-p 00000000 00:00 0 
7f9b2a5e8000-7f9b2aeed000 r-xp 00000000 08:06 4860130                    /usr/lib/jvm/java-6-openjdk-amd64/jre/lib/amd64/server/libjvm.so
7f9b2aeed000-7f9b2b0ed000 ---p 00905000 08:06 4860130                    /usr/lib/jvm/java-6-openjdk-amd64/jre/lib/amd64/server/libjvm.so
7f9b2b0ed000-7f9b2b16d000 r--p 00905000 08:06 4860130                    /usr/lib/jvm/java-6-openjdk-amd64/jre/lib/amd64/server/libjvm.so
7f9b2b16d000-7f9b2b188000 rw-p 00985000 08:06 4860130                    /usr/lib/jvm/java-6-openjdk-amd64/jre/lib/amd64/server/libjvm.so
7f9b2b188000-7f9b2b1b1000 rw-p 00000000 00:00 0 
7f9b2b1b1000-7f9b2b1c7000 r-xp 00000000 08:06 4853376                    /lib/x86_64-linux-gnu/libz.so.1.2.3.4
7f9b2b1c7000-7f9b2b3c6000 ---p 00016000 08:06 4853376                    /lib/x86_64-linux-gnu/libz.so.1.2.3.4
7f9b2b3c6000-7f9b2b3c7000 r--p 00015000 08:06 4853376                    /lib/x86_64-linux-gnu/libz.so.1.2.3.4
7f9b2b3c7000-7f9b2b3c8000 rw-p 00016000 08:06 4853376                    /lib/x86_64-linux-gnu/libz.so.1.2.3.4
7f9b2b3c8000-7f9b2b57d000 r-xp 00000000 08:06 4856509                    /lib/x86_64-linux-gnu/libc-2.15.so
7f9b2b57d000-7f9b2b77c000 ---p 001b5000 08:06 4856509                    /lib/x86_64-linux-gnu/libc-2.15.so
7f9b2b77c000-7f9b2b780000 r--p 001b4000 08:06 4856509                    /lib/x86_64-linux-gnu/libc-2.15.so
7f9b2b780000-7f9b2b782000 rw-p 001b8000 08:06 4856509                    /lib/x86_64-linux-gnu/libc-2.15.so
7f9b2b782000-7f9b2b787000 rw-p 00000000 00:00 0 
7f9b2b787000-7f9b2b789000 r-xp 00000000 08:06 4856508                    /lib/x86_64-linux-gnu/libdl-2.15.so
7f9b2b789000-7f9b2b989000 ---p 00002000 08:06 4856508                    /lib/x86_64-linux-gnu/libdl-2.15.so
7f9b2b989000-7f9b2b98a000 r--p 00002000 08:06 4856508                    /lib/x86_64-linux-gnu/libdl-2.15.so
7f9b2b98a000-7f9b2b98b000 rw-p 00003000 08:06 4856508                    /lib/x86_64-linux-gnu/libdl-2.15.so
7f9b2b98b000-7f9b2b98f000 r-xp 00000000 08:06 4860161                    /usr/lib/jvm/java-6-openjdk-amd64/jre/lib/amd64/jli/libjli.so
7f9b2b98f000-7f9b2bb8e000 ---p 00004000 08:06 4860161                    /usr/lib/jvm/java-6-openjdk-amd64/jre/lib/amd64/jli/libjli.so
7f9b2bb8e000-7f9b2bb8f000 r--p 00003000 08:06 4860161                    /usr/lib/jvm/java-6-openjdk-amd64/jre/lib/amd64/jli/libjli.so
7f9b2bb8f000-7f9b2bb90000 rw-p 00004000 08:06 4860161                    /usr/lib/jvm/java-6-openjdk-amd64/jre/lib/amd64/jli/libjli.so
7f9b2bb90000-7f9b2bba8000 r-xp 00000000 08:06 4856511                    /lib/x86_64-linux-gnu/libpthread-2.15.so
7f9b2bba8000-7f9b2bda7000 ---p 00018000 08:06 4856511                    /lib/x86_64-linux-gnu/libpthread-2.15.so
7f9b2bda7000-7f9b2bda8000 r--p 00017000 08:06 4856511                    /lib/x86_64-linux-gnu/libpthread-2.15.so
7f9b2bda8000-7f9b2bda9000 rw-p 00018000 08:06 4856511                    /lib/x86_64-linux-gnu/libpthread-2.15.so
7f9b2bda9000-7f9b2bdad000 rw-p 00000000 00:00 0 
7f9b2bdad000-7f9b2bdcf000 r-xp 00000000 08:06 4856523                    /lib/x86_64-linux-gnu/ld-2.15.so
7f9b2bdcf000-7f9b2bdd3000 r--s 0000e000 08:06 8520683                    /home/daniel/svn/2013/src/DaisyCV/external_jars/networktables-desktop.jar
7f9b2bdd3000-7f9b2bdd9000 r--s 000fc000 08:06 4720987                    /usr/lib/jvm/java-6-openjdk-common/jre/lib/resources.jar
7f9b2bdd9000-7f9b2bde7000 r--s 00090000 08:06 8520407                    /home/daniel/svn/2013/src/DaisyCV/external_jars/javacv.jar
7f9b2bde7000-7f9b2bdf1000 rw-p 00000000 00:00 0 
7f9b2bdf1000-7f9b2bea7000 rw-p 00000000 00:00 0 
7f9b2bea7000-7f9b2beaa000 ---p 00000000 00:00 0 
7f9b2beaa000-7f9b2bfad000 rw-p 00000000 00:00 0 
7f9b2bfad000-7f9b2bfb0000 r--s 0007f000 08:06 4732629                    /usr/lib/jvm/java-6-openjdk-common/jre/lib/jsse.jar
7f9b2bfb0000-7f9b2bfb1000 r--s 00129000 08:06 8520417                    /home/daniel/svn/2013/src/DaisyCV/external_jars/javacv-windows-x86.jar
7f9b2bfb1000-7f9b2bfb2000 r--s 000b8000 08:06 8521064                    /home/daniel/svn/2013/src/DaisyCV/external_jars/javacv-linux-x86_64.jar
7f9b2bfb2000-7f9b2bfb4000 r--s 0000f000 08:06 8520405                    /home/daniel/svn/2013/src/DaisyCV/external_jars/javacpp.jar
7f9b2bfb4000-7f9b2bfb6000 r--s 0000f000 08:06 4860045                    /usr/lib/jvm/java-6-openjdk-common/jre/lib/ext/pulse-java.jar
7f9b2bfb6000-7f9b2bfba000 r--s 00039000 08:06 4860049                    /usr/lib/jvm/java-6-openjdk-common/jre/lib/ext/sunpkcs11.jar
7f9b2bfba000-7f9b2bfbd000 r--s 00031000 08:06 4860046                    /usr/lib/jvm/java-6-openjdk-common/jre/lib/ext/sunjce_provider.jar
7f9b2bfbd000-7f9b2bfc0000 r--s 00077000 08:06 4860048                    /usr/lib/jvm/java-6-openjdk-common/jre/lib/ext/localedata.jar
7f9b2bfc0000-7f9b2bfc1000 r--s 00007000 08:06 5252192                    /usr/share/java/java-atk-wrapper.jar
7f9b2bfc1000-7f9b2bfc3000 r--s 00001000 08:06 4860052                    /usr/lib/jvm/java-6-openjdk-common/jre/lib/ext/dnsns.jar
7f9b2bfc3000-7f9b2bfcb000 rw-s 00000000 08:06 1446217                    /tmp/hsperfdata_daniel/10433
7f9b2bfcb000-7f9b2bfcc000 rw-p 00000000 00:00 0 
7f9b2bfcc000-7f9b2bfcd000 r--p 00000000 00:00 0 
7f9b2bfcd000-7f9b2bfcf000 rw-p 00000000 00:00 0 
7f9b2bfcf000-7f9b2bfd0000 r--p 00022000 08:06 4856523                    /lib/x86_64-linux-gnu/ld-2.15.so
7f9b2bfd0000-7f9b2bfd2000 rw-p 00023000 08:06 4856523                    /lib/x86_64-linux-gnu/ld-2.15.so
7fffae5ae000-7fffae5d0000 rw-p 00000000 00:00 0                          [stack]
7fffae5ff000-7fffae600000 r-xp 00000000 00:00 0                          [vdso]
ffffffffff600000-ffffffffff601000 r-xp 00000000 00:00 0                  [vsyscall]

VM Arguments:
jvm_args: -Dfile.encoding=UTF-8 
java_command: org.frc971.DebugServerRun -vision
Launcher Type: SUN_STANDARD

Environment Variables:
PATH=/usr/lib/lightdm/lightdm:/usr/local/sbin:/usr/local/bin:/usr/sbin:/usr/bin:/sbin:/bin:/usr/games
LD_LIBRARY_PATH=/usr/lib/jvm/java-6-openjdk-amd64/jre/lib/amd64/server:/usr/lib/jvm/java-6-openjdk-amd64/jre/lib/amd64:/usr/lib/jvm/java-6-openjdk-amd64/jre/../lib/amd64
SHELL=/bin/bash
DISPLAY=:0

Signal Handlers:
SIGSEGV: [libjvm.so+0x785360], sa_mask[0]=0x7ffbfeff, sa_flags=0x10000004
SIGBUS: [libjvm.so+0x785360], sa_mask[0]=0x7ffbfeff, sa_flags=0x10000004
SIGFPE: [libjvm.so+0x648dc0], sa_mask[0]=0x7ffbfeff, sa_flags=0x10000004
SIGPIPE: [libjvm.so+0x648dc0], sa_mask[0]=0x7ffbfeff, sa_flags=0x10000004
SIGXFSZ: [libjvm.so+0x648dc0], sa_mask[0]=0x7ffbfeff, sa_flags=0x10000004
SIGILL: [libjvm.so+0x648dc0], sa_mask[0]=0x7ffbfeff, sa_flags=0x10000004
SIGUSR1: SIG_DFL, sa_mask[0]=0x00000000, sa_flags=0x00000000
SIGUSR2: [libjvm.so+0x648f70], sa_mask[0]=0x00000004, sa_flags=0x10000004
SIGHUP: [libjvm.so+0x64ba90], sa_mask[0]=0x7ffbfeff, sa_flags=0x10000004
SIGINT: [libjvm.so+0x64ba90], sa_mask[0]=0x7ffbfeff, sa_flags=0x10000004
SIGTERM: [libjvm.so+0x64ba90], sa_mask[0]=0x7ffbfeff, sa_flags=0x10000004
SIGQUIT: [libjvm.so+0x64ba90], sa_mask[0]=0x7ffbfeff, sa_flags=0x10000004


---------------  S Y S T E M  ---------------

OS:Ubuntu 12.04 (precise)
uname:Linux 3.2.0-38-lowlatency #40-Ubuntu SMP PREEMPT Wed Feb 20 23:42:32 UTC 2013 x86_64
libc:glibc 2.15 NPTL 2.15 
rlimit: STACK 8192k, CORE 0k, NPROC 30598, NOFILE 4096, AS infinity
load average:0.95 1.71 1.45

/proc/meminfo:
MemTotal:        3934128 kB
MemFree:          504472 kB
Buffers:           35372 kB
Cached:           590908 kB
SwapCached:          716 kB
Active:          2183204 kB
Inactive:         851932 kB
Active(anon):    1906772 kB
Inactive(anon):   768652 kB
Active(file):     276432 kB
Inactive(file):    83280 kB
Unevictable:          16 kB
Mlocked:              16 kB
SwapTotal:       4077564 kB
SwapFree:        4004312 kB
Dirty:               252 kB
Writeback:             0 kB
AnonPages:       2407972 kB
Mapped:           113944 kB
Shmem:            266620 kB
Slab:             263344 kB
SReclaimable:     227484 kB
SUnreclaim:        35860 kB
KernelStack:        4984 kB
PageTables:        43972 kB
NFS_Unstable:          0 kB
Bounce:                0 kB
WritebackTmp:          0 kB
CommitLimit:     6044628 kB
Committed_AS:    5221756 kB
VmallocTotal:   34359738367 kB
VmallocUsed:      362680 kB
VmallocChunk:   34359358312 kB
HardwareCorrupted:     0 kB
AnonHugePages:         0 kB
HugePages_Total:       0
HugePages_Free:        0
HugePages_Rsvd:        0
HugePages_Surp:        0
Hugepagesize:       2048 kB
DirectMap4k:       71680 kB
DirectMap2M:     4014080 kB


CPU:total 4 (2 cores per cpu, 2 threads per core) family 6 model 42 stepping 7, cmov, cx8, fxsr, mmx, sse, sse2, sse3, ssse3, sse4.1, sse4.2, popcnt, ht

Memory: 4k page, physical 3934128k(504472k free), swap 4077564k(4004312k free)

vm_info: OpenJDK 64-Bit Server VM (20.0-b12) for linux-amd64 JRE (1.6.0_27-b27), built on Feb 20 2013 00:23:58 by "buildd" with gcc 4.6.3

time: Fri Feb 22 21:58:58 2013
elapsed time: 49 seconds

